{"total": {"lines":{"total":19452,"covered":3519,"skipped":0,"pct":18.09},"statements":{"total":19452,"covered":3519,"skipped":0,"pct":18.09},"functions":{"total":566,"covered":378,"skipped":0,"pct":66.78},"branches":{"total":1027,"covered":675,"skipped":0,"pct":65.72},"branchesTrue":{"total":0,"covered":0,"skipped":0,"pct":100}}
,"/Users/nasuka/workspace/mirai-gikai-top-interview-section/web/src/middleware.ts": {"lines":{"total":62,"covered":0,"skipped":0,"pct":0},"functions":{"total":1,"covered":0,"skipped":0,"pct":0},"statements":{"total":62,"covered":0,"skipped":0,"pct":0},"branches":{"total":1,"covered":0,"skipped":0,"pct":0}}
,"/Users/nasuka/workspace/mirai-gikai-top-interview-section/web/src/app/sitemap.ts": {"lines":{"total":29,"covered":0,"skipped":0,"pct":0},"functions":{"total":1,"covered":1,"skipped":0,"pct":100},"statements":{"total":29,"covered":0,"skipped":0,"pct":0},"branches":{"total":1,"covered":1,"skipped":0,"pct":100}}
,"/Users/nasuka/workspace/mirai-gikai-top-interview-section/web/src/app/api/bills/[billId]/topic-analysis/route.ts": {"lines":{"total":31,"covered":23,"skipped":0,"pct":74.19},"functions":{"total":2,"covered":2,"skipped":0,"pct":100},"statements":{"total":31,"covered":23,"skipped":0,"pct":74.19},"branches":{"total":5,"covered":3,"skipped":0,"pct":60}}
,"/Users/nasuka/workspace/mirai-gikai-top-interview-section/web/src/app/api/chat/route.ts": {"lines":{"total":63,"covered":0,"skipped":0,"pct":0},"functions":{"total":1,"covered":0,"skipped":0,"pct":0},"statements":{"total":63,"covered":0,"skipped":0,"pct":0},"branches":{"total":1,"covered":0,"skipped":0,"pct":0}}
,"/Users/nasuka/workspace/mirai-gikai-top-interview-section/web/src/app/api/interview/chat/route.ts": {"lines":{"total":43,"covered":0,"skipped":0,"pct":0},"functions":{"total":1,"covered":0,"skipped":0,"pct":0},"statements":{"total":43,"covered":0,"skipped":0,"pct":0},"branches":{"total":1,"covered":0,"skipped":0,"pct":0}}
,"/Users/nasuka/workspace/mirai-gikai-top-interview-section/web/src/app/api/interview/complete/route.ts": {"lines":{"total":47,"covered":28,"skipped":0,"pct":59.57},"functions":{"total":1,"covered":1,"skipped":0,"pct":100},"statements":{"total":47,"covered":28,"skipped":0,"pct":59.57},"branches":{"total":7,"covered":6,"skipped":0,"pct":85.71}}
,"/Users/nasuka/workspace/mirai-gikai-top-interview-section/web/src/app/api/og/report/route.tsx": {"lines":{"total":200,"covered":0,"skipped":0,"pct":0},"functions":{"total":1,"covered":0,"skipped":0,"pct":0},"statements":{"total":200,"covered":0,"skipped":0,"pct":0},"branches":{"total":1,"covered":0,"skipped":0,"pct":0}}
,"/Users/nasuka/workspace/mirai-gikai-top-interview-section/web/src/app/api/open-data/bills/route.ts": {"lines":{"total":23,"covered":18,"skipped":0,"pct":78.26},"functions":{"total":1,"covered":1,"skipped":0,"pct":100},"statements":{"total":23,"covered":18,"skipped":0,"pct":78.26},"branches":{"total":6,"covered":4,"skipped":0,"pct":66.66}}
,"/Users/nasuka/workspace/mirai-gikai-top-interview-section/web/src/app/api/open-data/bills/[billId]/route.ts": {"lines":{"total":34,"covered":29,"skipped":0,"pct":85.29},"functions":{"total":1,"covered":1,"skipped":0,"pct":100},"statements":{"total":34,"covered":29,"skipped":0,"pct":85.29},"branches":{"total":9,"covered":7,"skipped":0,"pct":77.77}}
,"/Users/nasuka/workspace/mirai-gikai-top-interview-section/web/src/app/api/open-data/interviews/route.ts": {"lines":{"total":36,"covered":33,"skipped":0,"pct":91.66},"functions":{"total":1,"covered":1,"skipped":0,"pct":100},"statements":{"total":36,"covered":33,"skipped":0,"pct":91.66},"branches":{"total":8,"covered":7,"skipped":0,"pct":87.5}}
,"/Users/nasuka/workspace/mirai-gikai-top-interview-section/web/src/app/api/revalidate/route.ts": {"lines":{"total":40,"covered":0,"skipped":0,"pct":0},"functions":{"total":1,"covered":0,"skipped":0,"pct":0},"statements":{"total":40,"covered":0,"skipped":0,"pct":0},"branches":{"total":1,"covered":0,"skipped":0,"pct":0}}
,"/Users/nasuka/workspace/mirai-gikai-top-interview-section/web/src/app/dev/_components/component-showcase.tsx": {"lines":{"total":19,"covered":0,"skipped":0,"pct":0},"functions":{"total":1,"covered":1,"skipped":0,"pct":100},"statements":{"total":19,"covered":0,"skipped":0,"pct":0},"branches":{"total":1,"covered":1,"skipped":0,"pct":100}}
,"/Users/nasuka/workspace/mirai-gikai-top-interview-section/web/src/app/dev/_components/dev-sidebar.tsx": {"lines":{"total":83,"covered":0,"skipped":0,"pct":0},"functions":{"total":1,"covered":1,"skipped":0,"pct":100},"statements":{"total":83,"covered":0,"skipped":0,"pct":0},"branches":{"total":1,"covered":1,"skipped":0,"pct":100}}
,"/Users/nasuka/workspace/mirai-gikai-top-interview-section/web/src/app/dev/_components/preview-section.tsx": {"lines":{"total":9,"covered":0,"skipped":0,"pct":0},"functions":{"total":1,"covered":1,"skipped":0,"pct":100},"statements":{"total":9,"covered":0,"skipped":0,"pct":0},"branches":{"total":1,"covered":1,"skipped":0,"pct":100}}
,"/Users/nasuka/workspace/mirai-gikai-top-interview-section/web/src/app/dev/_lib/mock-data.ts": {"lines":{"total":60,"covered":0,"skipped":0,"pct":0},"functions":{"total":1,"covered":1,"skipped":0,"pct":100},"statements":{"total":60,"covered":0,"skipped":0,"pct":0},"branches":{"total":1,"covered":1,"skipped":0,"pct":100}}
,"/Users/nasuka/workspace/mirai-gikai-top-interview-section/web/src/app/dev/_lib/registry.ts": {"lines":{"total":52,"covered":0,"skipped":0,"pct":0},"functions":{"total":1,"covered":1,"skipped":0,"pct":100},"statements":{"total":52,"covered":0,"skipped":0,"pct":0},"branches":{"total":1,"covered":1,"skipped":0,"pct":100}}
,"/Users/nasuka/workspace/mirai-gikai-top-interview-section/web/src/components/ruby-safe-line-clamp.tsx": {"lines":{"total":40,"covered":0,"skipped":0,"pct":0},"functions":{"total":1,"covered":1,"skipped":0,"pct":100},"statements":{"total":40,"covered":0,"skipped":0,"pct":0},"branches":{"total":1,"covered":1,"skipped":0,"pct":100}}
,"/Users/nasuka/workspace/mirai-gikai-top-interview-section/web/src/components/ai-elements/actions.tsx": {"lines":{"total":42,"covered":0,"skipped":0,"pct":0},"functions":{"total":1,"covered":1,"skipped":0,"pct":100},"statements":{"total":42,"covered":0,"skipped":0,"pct":0},"branches":{"total":1,"covered":1,"skipped":0,"pct":100}}
,"/Users/nasuka/workspace/mirai-gikai-top-interview-section/web/src/components/ai-elements/artifact.tsx": {"lines":{"total":98,"covered":0,"skipped":0,"pct":0},"functions":{"total":1,"covered":1,"skipped":0,"pct":100},"statements":{"total":98,"covered":0,"skipped":0,"pct":0},"branches":{"total":1,"covered":1,"skipped":0,"pct":100}}
,"/Users/nasuka/workspace/mirai-gikai-top-interview-section/web/src/components/ai-elements/branch.tsx": {"lines":{"total":149,"covered":0,"skipped":0,"pct":0},"functions":{"total":1,"covered":1,"skipped":0,"pct":100},"statements":{"total":149,"covered":0,"skipped":0,"pct":0},"branches":{"total":1,"covered":1,"skipped":0,"pct":100}}
,"/Users/nasuka/workspace/mirai-gikai-top-interview-section/web/src/components/ai-elements/chain-of-thought.tsx": {"lines":{"total":150,"covered":0,"skipped":0,"pct":0},"functions":{"total":1,"covered":1,"skipped":0,"pct":100},"statements":{"total":150,"covered":0,"skipped":0,"pct":0},"branches":{"total":1,"covered":1,"skipped":0,"pct":100}}
,"/Users/nasuka/workspace/mirai-gikai-top-interview-section/web/src/components/ai-elements/code-block.tsx": {"lines":{"total":111,"covered":0,"skipped":0,"pct":0},"functions":{"total":1,"covered":1,"skipped":0,"pct":100},"statements":{"total":111,"covered":0,"skipped":0,"pct":0},"branches":{"total":1,"covered":1,"skipped":0,"pct":100}}
,"/Users/nasuka/workspace/mirai-gikai-top-interview-section/web/src/components/ai-elements/context.tsx": {"lines":{"total":310,"covered":0,"skipped":0,"pct":0},"functions":{"total":1,"covered":1,"skipped":0,"pct":100},"statements":{"total":310,"covered":0,"skipped":0,"pct":0},"branches":{"total":1,"covered":1,"skipped":0,"pct":100}}
,"/Users/nasuka/workspace/mirai-gikai-top-interview-section/web/src/components/ai-elements/conversation.tsx": {"lines":{"total":66,"covered":0,"skipped":0,"pct":0},"functions":{"total":1,"covered":1,"skipped":0,"pct":100},"statements":{"total":66,"covered":0,"skipped":0,"pct":0},"branches":{"total":1,"covered":1,"skipped":0,"pct":100}}
,"/Users/nasuka/workspace/mirai-gikai-top-interview-section/web/src/components/ai-elements/image.tsx": {"lines":{"total":16,"covered":0,"skipped":0,"pct":0},"functions":{"total":1,"covered":0,"skipped":0,"pct":0},"statements":{"total":16,"covered":0,"skipped":0,"pct":0},"branches":{"total":1,"covered":0,"skipped":0,"pct":0}}
,"/Users/nasuka/workspace/mirai-gikai-top-interview-section/web/src/components/ai-elements/inline-citation.tsx": {"lines":{"total":183,"covered":0,"skipped":0,"pct":0},"functions":{"total":1,"covered":1,"skipped":0,"pct":100},"statements":{"total":183,"covered":0,"skipped":0,"pct":0},"branches":{"total":1,"covered":1,"skipped":0,"pct":100}}
,"/Users/nasuka/workspace/mirai-gikai-top-interview-section/web/src/components/ai-elements/loader.tsx": {"lines":{"total":81,"covered":0,"skipped":0,"pct":0},"functions":{"total":1,"covered":0,"skipped":0,"pct":0},"statements":{"total":81,"covered":0,"skipped":0,"pct":0},"branches":{"total":1,"covered":0,"skipped":0,"pct":0}}
,"/Users/nasuka/workspace/mirai-gikai-top-interview-section/web/src/components/ai-elements/message.tsx": {"lines":{"total":54,"covered":0,"skipped":0,"pct":0},"functions":{"total":1,"covered":1,"skipped":0,"pct":100},"statements":{"total":54,"covered":0,"skipped":0,"pct":0},"branches":{"total":1,"covered":1,"skipped":0,"pct":100}}
,"/Users/nasuka/workspace/mirai-gikai-top-interview-section/web/src/components/ai-elements/open-in-chat.tsx": {"lines":{"total":242,"covered":0,"skipped":0,"pct":0},"functions":{"total":1,"covered":0,"skipped":0,"pct":0},"statements":{"total":242,"covered":0,"skipped":0,"pct":0},"branches":{"total":1,"covered":0,"skipped":0,"pct":0}}
,"/Users/nasuka/workspace/mirai-gikai-top-interview-section/web/src/components/ai-elements/prompt-input.tsx": {"lines":{"total":513,"covered":0,"skipped":0,"pct":0},"functions":{"total":1,"covered":1,"skipped":0,"pct":100},"statements":{"total":513,"covered":0,"skipped":0,"pct":0},"branches":{"total":1,"covered":1,"skipped":0,"pct":100}}
,"/Users/nasuka/workspace/mirai-gikai-top-interview-section/web/src/components/ai-elements/reasoning.tsx": {"lines":{"total":114,"covered":0,"skipped":0,"pct":0},"functions":{"total":1,"covered":1,"skipped":0,"pct":100},"statements":{"total":114,"covered":0,"skipped":0,"pct":0},"branches":{"total":1,"covered":1,"skipped":0,"pct":100}}
,"/Users/nasuka/workspace/mirai-gikai-top-interview-section/web/src/components/ai-elements/response.tsx": {"lines":{"total":19,"covered":0,"skipped":0,"pct":0},"functions":{"total":1,"covered":1,"skipped":0,"pct":100},"statements":{"total":19,"covered":0,"skipped":0,"pct":0},"branches":{"total":1,"covered":1,"skipped":0,"pct":100}}
,"/Users/nasuka/workspace/mirai-gikai-top-interview-section/web/src/components/ai-elements/sources.tsx": {"lines":{"total":48,"covered":0,"skipped":0,"pct":0},"functions":{"total":1,"covered":1,"skipped":0,"pct":100},"statements":{"total":48,"covered":0,"skipped":0,"pct":0},"branches":{"total":1,"covered":1,"skipped":0,"pct":100}}
,"/Users/nasuka/workspace/mirai-gikai-top-interview-section/web/src/components/ai-elements/suggestion.tsx": {"lines":{"total":37,"covered":0,"skipped":0,"pct":0},"functions":{"total":1,"covered":1,"skipped":0,"pct":100},"statements":{"total":37,"covered":0,"skipped":0,"pct":0},"branches":{"total":1,"covered":1,"skipped":0,"pct":100}}
,"/Users/nasuka/workspace/mirai-gikai-top-interview-section/web/src/components/ai-elements/task.tsx": {"lines":{"total":62,"covered":0,"skipped":0,"pct":0},"functions":{"total":1,"covered":1,"skipped":0,"pct":100},"statements":{"total":62,"covered":0,"skipped":0,"pct":0},"branches":{"total":1,"covered":1,"skipped":0,"pct":100}}
,"/Users/nasuka/workspace/mirai-gikai-top-interview-section/web/src/components/ai-elements/tool.tsx": {"lines":{"total":103,"covered":0,"skipped":0,"pct":0},"functions":{"total":1,"covered":1,"skipped":0,"pct":100},"statements":{"total":103,"covered":0,"skipped":0,"pct":0},"branches":{"total":1,"covered":1,"skipped":0,"pct":100}}
,"/Users/nasuka/workspace/mirai-gikai-top-interview-section/web/src/components/ai-elements/web-preview.tsx": {"lines":{"total":178,"covered":0,"skipped":0,"pct":0},"functions":{"total":1,"covered":1,"skipped":0,"pct":100},"statements":{"total":178,"covered":0,"skipped":0,"pct":0},"branches":{"total":1,"covered":1,"skipped":0,"pct":100}}
,"/Users/nasuka/workspace/mirai-gikai-top-interview-section/web/src/components/ai-elements/utils/citation-utils.ts": {"lines":{"total":10,"covered":0,"skipped":0,"pct":0},"functions":{"total":1,"covered":1,"skipped":0,"pct":100},"statements":{"total":10,"covered":0,"skipped":0,"pct":0},"branches":{"total":1,"covered":1,"skipped":0,"pct":100}}
,"/Users/nasuka/workspace/mirai-gikai-top-interview-section/web/src/components/header/hamburger-menu.tsx": {"lines":{"total":21,"covered":0,"skipped":0,"pct":0},"functions":{"total":1,"covered":1,"skipped":0,"pct":100},"statements":{"total":21,"covered":0,"skipped":0,"pct":0},"branches":{"total":1,"covered":1,"skipped":0,"pct":100}}
,"/Users/nasuka/workspace/mirai-gikai-top-interview-section/web/src/components/header/header-client.tsx": {"lines":{"total":50,"covered":0,"skipped":0,"pct":0},"functions":{"total":1,"covered":1,"skipped":0,"pct":100},"statements":{"total":50,"covered":0,"skipped":0,"pct":0},"branches":{"total":1,"covered":1,"skipped":0,"pct":100}}
,"/Users/nasuka/workspace/mirai-gikai-top-interview-section/web/src/components/header/index.tsx": {"lines":{"total":6,"covered":0,"skipped":0,"pct":0},"functions":{"total":1,"covered":0,"skipped":0,"pct":0},"statements":{"total":6,"covered":0,"skipped":0,"pct":0},"branches":{"total":1,"covered":0,"skipped":0,"pct":0}}
,"/Users/nasuka/workspace/mirai-gikai-top-interview-section/web/src/components/layouts/auth-gate.tsx": {"lines":{"total":5,"covered":0,"skipped":0,"pct":0},"functions":{"total":1,"covered":1,"skipped":0,"pct":100},"statements":{"total":5,"covered":0,"skipped":0,"pct":0},"branches":{"total":1,"covered":1,"skipped":0,"pct":100}}
,"/Users/nasuka/workspace/mirai-gikai-top-interview-section/web/src/components/layouts/container.tsx": {"lines":{"total":6,"covered":0,"skipped":0,"pct":0},"functions":{"total":1,"covered":1,"skipped":0,"pct":100},"statements":{"total":6,"covered":0,"skipped":0,"pct":0},"branches":{"total":1,"covered":1,"skipped":0,"pct":100}}
,"/Users/nasuka/workspace/mirai-gikai-top-interview-section/web/src/components/layouts/legal-page-layout.tsx": {"lines":{"total":85,"covered":0,"skipped":0,"pct":0},"functions":{"total":1,"covered":1,"skipped":0,"pct":100},"statements":{"total":85,"covered":0,"skipped":0,"pct":0},"branches":{"total":1,"covered":1,"skipped":0,"pct":100}}
,"/Users/nasuka/workspace/mirai-gikai-top-interview-section/web/src/components/layouts/main-layout.tsx": {"lines":{"total":17,"covered":0,"skipped":0,"pct":0},"functions":{"total":1,"covered":1,"skipped":0,"pct":100},"statements":{"total":17,"covered":0,"skipped":0,"pct":0},"branches":{"total":1,"covered":1,"skipped":0,"pct":100}}
,"/Users/nasuka/workspace/mirai-gikai-top-interview-section/web/src/components/layouts/desktop-menu/action-buttons.tsx": {"lines":{"total":27,"covered":0,"skipped":0,"pct":0},"functions":{"total":1,"covered":0,"skipped":0,"pct":0},"statements":{"total":27,"covered":0,"skipped":0,"pct":0},"branches":{"total":1,"covered":0,"skipped":0,"pct":0}}
,"/Users/nasuka/workspace/mirai-gikai-top-interview-section/web/src/components/layouts/desktop-menu/difficulty-toggle.tsx": {"lines":{"total":22,"covered":0,"skipped":0,"pct":0},"functions":{"total":1,"covered":0,"skipped":0,"pct":0},"statements":{"total":22,"covered":0,"skipped":0,"pct":0},"branches":{"total":1,"covered":0,"skipped":0,"pct":0}}
,"/Users/nasuka/workspace/mirai-gikai-top-interview-section/web/src/components/layouts/desktop-menu/index.tsx": {"lines":{"total":13,"covered":0,"skipped":0,"pct":0},"functions":{"total":1,"covered":0,"skipped":0,"pct":0},"statements":{"total":13,"covered":0,"skipped":0,"pct":0},"branches":{"total":1,"covered":0,"skipped":0,"pct":0}}
,"/Users/nasuka/workspace/mirai-gikai-top-interview-section/web/src/components/layouts/desktop-menu/links.tsx": {"lines":{"total":55,"covered":0,"skipped":0,"pct":0},"functions":{"total":1,"covered":1,"skipped":0,"pct":100},"statements":{"total":55,"covered":0,"skipped":0,"pct":0},"branches":{"total":1,"covered":1,"skipped":0,"pct":100}}
,"/Users/nasuka/workspace/mirai-gikai-top-interview-section/web/src/components/layouts/desktop-menu/logo.tsx": {"lines":{"total":38,"covered":0,"skipped":0,"pct":0},"functions":{"total":1,"covered":0,"skipped":0,"pct":0},"statements":{"total":38,"covered":0,"skipped":0,"pct":0},"branches":{"total":1,"covered":0,"skipped":0,"pct":0}}
,"/Users/nasuka/workspace/mirai-gikai-top-interview-section/web/src/components/layouts/desktop-menu/ruby-toggle.tsx": {"lines":{"total":28,"covered":0,"skipped":0,"pct":0},"functions":{"total":1,"covered":1,"skipped":0,"pct":100},"statements":{"total":28,"covered":0,"skipped":0,"pct":0},"branches":{"total":1,"covered":1,"skipped":0,"pct":100}}
,"/Users/nasuka/workspace/mirai-gikai-top-interview-section/web/src/components/layouts/desktop-menu/sidebar.tsx": {"lines":{"total":9,"covered":0,"skipped":0,"pct":0},"functions":{"total":1,"covered":0,"skipped":0,"pct":0},"statements":{"total":9,"covered":0,"skipped":0,"pct":0},"branches":{"total":1,"covered":0,"skipped":0,"pct":0}}
,"/Users/nasuka/workspace/mirai-gikai-top-interview-section/web/src/components/layouts/footer/footer.config.ts": {"lines":{"total":42,"covered":0,"skipped":0,"pct":0},"functions":{"total":1,"covered":0,"skipped":0,"pct":0},"statements":{"total":42,"covered":0,"skipped":0,"pct":0},"branches":{"total":1,"covered":0,"skipped":0,"pct":0}}
,"/Users/nasuka/workspace/mirai-gikai-top-interview-section/web/src/components/layouts/footer/footer.tsx": {"lines":{"total":78,"covered":0,"skipped":0,"pct":0},"functions":{"total":1,"covered":1,"skipped":0,"pct":100},"statements":{"total":78,"covered":0,"skipped":0,"pct":0},"branches":{"total":1,"covered":1,"skipped":0,"pct":100}}
,"/Users/nasuka/workspace/mirai-gikai-top-interview-section/web/src/components/share/share-url-button.tsx": {"lines":{"total":32,"covered":0,"skipped":0,"pct":0},"functions":{"total":1,"covered":1,"skipped":0,"pct":100},"statements":{"total":32,"covered":0,"skipped":0,"pct":0},"branches":{"total":1,"covered":1,"skipped":0,"pct":100}}
,"/Users/nasuka/workspace/mirai-gikai-top-interview-section/web/src/components/top/about.tsx": {"lines":{"total":42,"covered":0,"skipped":0,"pct":0},"functions":{"total":1,"covered":0,"skipped":0,"pct":0},"statements":{"total":42,"covered":0,"skipped":0,"pct":0},"branches":{"total":1,"covered":0,"skipped":0,"pct":0}}
,"/Users/nasuka/workspace/mirai-gikai-top-interview-section/web/src/components/top/coming-soon-section.tsx": {"lines":{"total":71,"covered":0,"skipped":0,"pct":0},"functions":{"total":1,"covered":1,"skipped":0,"pct":100},"statements":{"total":71,"covered":0,"skipped":0,"pct":0},"branches":{"total":1,"covered":1,"skipped":0,"pct":100}}
,"/Users/nasuka/workspace/mirai-gikai-top-interview-section/web/src/components/top/link-button.tsx": {"lines":{"total":33,"covered":0,"skipped":0,"pct":0},"functions":{"total":1,"covered":0,"skipped":0,"pct":0},"statements":{"total":33,"covered":0,"skipped":0,"pct":0},"branches":{"total":1,"covered":0,"skipped":0,"pct":0}}
,"/Users/nasuka/workspace/mirai-gikai-top-interview-section/web/src/components/top/team-mirai.tsx": {"lines":{"total":84,"covered":0,"skipped":0,"pct":0},"functions":{"total":1,"covered":0,"skipped":0,"pct":0},"statements":{"total":84,"covered":0,"skipped":0,"pct":0},"branches":{"total":1,"covered":0,"skipped":0,"pct":0}}
,"/Users/nasuka/workspace/mirai-gikai-top-interview-section/web/src/features/bill-difficulty/client/components/difficulty-selector.tsx": {"lines":{"total":61,"covered":0,"skipped":0,"pct":0},"functions":{"total":1,"covered":1,"skipped":0,"pct":100},"statements":{"total":61,"covered":0,"skipped":0,"pct":0},"branches":{"total":1,"covered":1,"skipped":0,"pct":100}}
,"/Users/nasuka/workspace/mirai-gikai-top-interview-section/web/src/features/bill-difficulty/client/hooks/use-scroll-from-bottom.ts": {"lines":{"total":27,"covered":0,"skipped":0,"pct":0},"functions":{"total":1,"covered":0,"skipped":0,"pct":0},"statements":{"total":27,"covered":0,"skipped":0,"pct":0},"branches":{"total":1,"covered":0,"skipped":0,"pct":0}}
,"/Users/nasuka/workspace/mirai-gikai-top-interview-section/web/src/features/bill-difficulty/server/actions/set-difficulty-level.ts": {"lines":{"total":4,"covered":0,"skipped":0,"pct":0},"functions":{"total":1,"covered":1,"skipped":0,"pct":100},"statements":{"total":4,"covered":0,"skipped":0,"pct":0},"branches":{"total":1,"covered":1,"skipped":0,"pct":100}}
,"/Users/nasuka/workspace/mirai-gikai-top-interview-section/web/src/features/bill-difficulty/server/loaders/get-difficulty-level.ts": {"lines":{"total":8,"covered":8,"skipped":0,"pct":100},"functions":{"total":1,"covered":1,"skipped":0,"pct":100},"statements":{"total":8,"covered":8,"skipped":0,"pct":100},"branches":{"total":2,"covered":1,"skipped":0,"pct":50}}
,"/Users/nasuka/workspace/mirai-gikai-top-interview-section/web/src/features/bill-difficulty/server/services/set-difficulty-level-core.ts": {"lines":{"total":10,"covered":10,"skipped":0,"pct":100},"functions":{"total":1,"covered":1,"skipped":0,"pct":100},"statements":{"total":10,"covered":10,"skipped":0,"pct":100},"branches":{"total":2,"covered":1,"skipped":0,"pct":50}}
,"/Users/nasuka/workspace/mirai-gikai-top-interview-section/web/src/features/bill-difficulty/shared/utils/is-difficulty-level.ts": {"lines":{"total":7,"covered":7,"skipped":0,"pct":100},"functions":{"total":1,"covered":1,"skipped":0,"pct":100},"statements":{"total":7,"covered":7,"skipped":0,"pct":100},"branches":{"total":3,"covered":3,"skipped":0,"pct":100}}
,"/Users/nasuka/workspace/mirai-gikai-top-interview-section/web/src/features/bill-difficulty/shared/utils/parse-difficulty-level.ts": {"lines":{"total":7,"covered":7,"skipped":0,"pct":100},"functions":{"total":1,"covered":1,"skipped":0,"pct":100},"statements":{"total":7,"covered":7,"skipped":0,"pct":100},"branches":{"total":2,"covered":1,"skipped":0,"pct":50}}
,"/Users/nasuka/workspace/mirai-gikai-top-interview-section/web/src/features/bills/client/components/bill-search-overlay.tsx": {"lines":{"total":155,"covered":0,"skipped":0,"pct":0},"functions":{"total":1,"covered":1,"skipped":0,"pct":100},"statements":{"total":155,"covered":0,"skipped":0,"pct":0},"branches":{"total":1,"covered":1,"skipped":0,"pct":100}}
,"/Users/nasuka/workspace/mirai-gikai-top-interview-section/web/src/features/bills/client/components/category-tab-scroller.tsx": {"lines":{"total":87,"covered":0,"skipped":0,"pct":0},"functions":{"total":1,"covered":1,"skipped":0,"pct":100},"statements":{"total":87,"covered":0,"skipped":0,"pct":0},"branches":{"total":1,"covered":1,"skipped":0,"pct":100}}
,"/Users/nasuka/workspace/mirai-gikai-top-interview-section/web/src/features/bills/client/components/bill-detail/bill-detail-client.tsx": {"lines":{"total":26,"covered":0,"skipped":0,"pct":0},"functions":{"total":1,"covered":1,"skipped":0,"pct":100},"statements":{"total":26,"covered":0,"skipped":0,"pct":0},"branches":{"total":1,"covered":1,"skipped":0,"pct":100}}
,"/Users/nasuka/workspace/mirai-gikai-top-interview-section/web/src/features/bills/client/components/bill-detail/bill-detail-share-button.tsx": {"lines":{"total":34,"covered":0,"skipped":0,"pct":0},"functions":{"total":1,"covered":1,"skipped":0,"pct":100},"statements":{"total":34,"covered":0,"skipped":0,"pct":0},"branches":{"total":1,"covered":1,"skipped":0,"pct":100}}
,"/Users/nasuka/workspace/mirai-gikai-top-interview-section/web/src/features/bills/client/components/bill-detail/bill-disclaimer.tsx": {"lines":{"total":29,"covered":0,"skipped":0,"pct":0},"functions":{"total":1,"covered":0,"skipped":0,"pct":0},"statements":{"total":29,"covered":0,"skipped":0,"pct":0},"branches":{"total":1,"covered":0,"skipped":0,"pct":0}}
,"/Users/nasuka/workspace/mirai-gikai-top-interview-section/web/src/features/bills/client/components/bill-detail/bill-status-progress.tsx": {"lines":{"total":96,"covered":0,"skipped":0,"pct":0},"functions":{"total":1,"covered":1,"skipped":0,"pct":100},"statements":{"total":96,"covered":0,"skipped":0,"pct":0},"branches":{"total":1,"covered":1,"skipped":0,"pct":100}}
,"/Users/nasuka/workspace/mirai-gikai-top-interview-section/web/src/features/bills/client/components/bill-detail/long-press-section.tsx": {"lines":{"total":39,"covered":0,"skipped":0,"pct":0},"functions":{"total":1,"covered":0,"skipped":0,"pct":0},"statements":{"total":39,"covered":0,"skipped":0,"pct":0},"branches":{"total":1,"covered":0,"skipped":0,"pct":0}}
,"/Users/nasuka/workspace/mirai-gikai-top-interview-section/web/src/features/bills/client/components/bill-detail/mirai-stance-card.tsx": {"lines":{"total":45,"covered":0,"skipped":0,"pct":0},"functions":{"total":1,"covered":0,"skipped":0,"pct":0},"statements":{"total":45,"covered":0,"skipped":0,"pct":0},"branches":{"total":1,"covered":0,"skipped":0,"pct":0}}
,"/Users/nasuka/workspace/mirai-gikai-top-interview-section/web/src/features/bills/client/components/bill-detail/review-status-banner.tsx": {"lines":{"total":84,"covered":0,"skipped":0,"pct":0},"functions":{"total":1,"covered":1,"skipped":0,"pct":100},"statements":{"total":84,"covered":0,"skipped":0,"pct":0},"branches":{"total":1,"covered":1,"skipped":0,"pct":100}}
,"/Users/nasuka/workspace/mirai-gikai-top-interview-section/web/src/features/bills/client/components/bill-list/bill-card-list.tsx": {"lines":{"total":16,"covered":0,"skipped":0,"pct":0},"functions":{"total":1,"covered":1,"skipped":0,"pct":100},"statements":{"total":16,"covered":0,"skipped":0,"pct":0},"branches":{"total":1,"covered":1,"skipped":0,"pct":100}}
,"/Users/nasuka/workspace/mirai-gikai-top-interview-section/web/src/features/bills/client/components/bill-list/bill-card.tsx": {"lines":{"total":68,"covered":0,"skipped":0,"pct":0},"functions":{"total":1,"covered":0,"skipped":0,"pct":0},"statements":{"total":68,"covered":0,"skipped":0,"pct":0},"branches":{"total":1,"covered":0,"skipped":0,"pct":0}}
,"/Users/nasuka/workspace/mirai-gikai-top-interview-section/web/src/features/bills/client/components/bill-list/bill-list.tsx": {"lines":{"total":19,"covered":0,"skipped":0,"pct":0},"functions":{"total":1,"covered":1,"skipped":0,"pct":100},"statements":{"total":19,"covered":0,"skipped":0,"pct":0},"branches":{"total":1,"covered":1,"skipped":0,"pct":100}}
,"/Users/nasuka/workspace/mirai-gikai-top-interview-section/web/src/features/bills/client/components/bill-list/bill-pill.tsx": {"lines":{"total":6,"covered":0,"skipped":0,"pct":0},"functions":{"total":1,"covered":1,"skipped":0,"pct":100},"statements":{"total":6,"covered":0,"skipped":0,"pct":0},"branches":{"total":1,"covered":1,"skipped":0,"pct":100}}
,"/Users/nasuka/workspace/mirai-gikai-top-interview-section/web/src/features/bills/client/components/bill-list/bill-search-card.tsx": {"lines":{"total":69,"covered":0,"skipped":0,"pct":0},"functions":{"total":1,"covered":0,"skipped":0,"pct":0},"statements":{"total":69,"covered":0,"skipped":0,"pct":0},"branches":{"total":1,"covered":0,"skipped":0,"pct":0}}
,"/Users/nasuka/workspace/mirai-gikai-top-interview-section/web/src/features/bills/client/components/bill-list/bill-status-badge.tsx": {"lines":{"total":8,"covered":0,"skipped":0,"pct":0},"functions":{"total":1,"covered":0,"skipped":0,"pct":0},"statements":{"total":8,"covered":0,"skipped":0,"pct":0},"branches":{"total":1,"covered":0,"skipped":0,"pct":0}}
,"/Users/nasuka/workspace/mirai-gikai-top-interview-section/web/src/features/bills/client/components/bill-list/bill-tag.tsx": {"lines":{"total":6,"covered":0,"skipped":0,"pct":0},"functions":{"total":1,"covered":1,"skipped":0,"pct":100},"statements":{"total":6,"covered":0,"skipped":0,"pct":0},"branches":{"total":1,"covered":1,"skipped":0,"pct":100}}
,"/Users/nasuka/workspace/mirai-gikai-top-interview-section/web/src/features/bills/client/components/bill-list/bills-sort-select.tsx": {"lines":{"total":24,"covered":0,"skipped":0,"pct":0},"functions":{"total":1,"covered":1,"skipped":0,"pct":100},"statements":{"total":24,"covered":0,"skipped":0,"pct":0},"branches":{"total":1,"covered":1,"skipped":0,"pct":100}}
,"/Users/nasuka/workspace/mirai-gikai-top-interview-section/web/src/features/bills/client/components/bill-list/compact-bill-card.tsx": {"lines":{"total":42,"covered":0,"skipped":0,"pct":0},"functions":{"total":1,"covered":0,"skipped":0,"pct":0},"statements":{"total":42,"covered":0,"skipped":0,"pct":0},"branches":{"total":1,"covered":0,"skipped":0,"pct":0}}
,"/Users/nasuka/workspace/mirai-gikai-top-interview-section/web/src/features/bills/client/components/bill-list/tag-chip-link.tsx": {"lines":{"total":20,"covered":0,"skipped":0,"pct":0},"functions":{"total":1,"covered":1,"skipped":0,"pct":100},"statements":{"total":20,"covered":0,"skipped":0,"pct":0},"branches":{"total":1,"covered":1,"skipped":0,"pct":100}}
,"/Users/nasuka/workspace/mirai-gikai-top-interview-section/web/src/features/bills/client/components/share/bill-share-buttons-client.tsx": {"lines":{"total":57,"covered":0,"skipped":0,"pct":0},"functions":{"total":1,"covered":1,"skipped":0,"pct":100},"statements":{"total":57,"covered":0,"skipped":0,"pct":0},"branches":{"total":1,"covered":1,"skipped":0,"pct":100}}
,"/Users/nasuka/workspace/mirai-gikai-top-interview-section/web/src/features/bills/client/components/share/bill-share-modal.tsx": {"lines":{"total":102,"covered":0,"skipped":0,"pct":0},"functions":{"total":1,"covered":1,"skipped":0,"pct":100},"statements":{"total":102,"covered":0,"skipped":0,"pct":0},"branches":{"total":1,"covered":1,"skipped":0,"pct":100}}
,"/Users/nasuka/workspace/mirai-gikai-top-interview-section/web/src/features/bills/client/components/text-selection-tooltip/text-selection-tooltip-portal.tsx": {"lines":{"total":29,"covered":0,"skipped":0,"pct":0},"functions":{"total":1,"covered":1,"skipped":0,"pct":100},"statements":{"total":29,"covered":0,"skipped":0,"pct":0},"branches":{"total":1,"covered":1,"skipped":0,"pct":100}}
,"/Users/nasuka/workspace/mirai-gikai-top-interview-section/web/src/features/bills/client/components/text-selection-tooltip/text-selection-tooltip.tsx": {"lines":{"total":30,"covered":0,"skipped":0,"pct":0},"functions":{"total":1,"covered":1,"skipped":0,"pct":100},"statements":{"total":30,"covered":0,"skipped":0,"pct":0},"branches":{"total":1,"covered":1,"skipped":0,"pct":100}}
,"/Users/nasuka/workspace/mirai-gikai-top-interview-section/web/src/features/bills/client/components/text-selection-tooltip/text-selection-wrapper.tsx": {"lines":{"total":22,"covered":0,"skipped":0,"pct":0},"functions":{"total":1,"covered":1,"skipped":0,"pct":100},"statements":{"total":22,"covered":0,"skipped":0,"pct":0},"branches":{"total":1,"covered":1,"skipped":0,"pct":100}}
,"/Users/nasuka/workspace/mirai-gikai-top-interview-section/web/src/features/bills/client/hooks/use-text-selection.ts": {"lines":{"total":62,"covered":0,"skipped":0,"pct":0},"functions":{"total":1,"covered":1,"skipped":0,"pct":100},"statements":{"total":62,"covered":0,"skipped":0,"pct":0},"branches":{"total":1,"covered":1,"skipped":0,"pct":100}}
,"/Users/nasuka/workspace/mirai-gikai-top-interview-section/web/src/features/bills/client/hooks/use-tooltip-position.ts": {"lines":{"total":23,"covered":0,"skipped":0,"pct":0},"functions":{"total":1,"covered":0,"skipped":0,"pct":0},"statements":{"total":23,"covered":0,"skipped":0,"pct":0},"branches":{"total":1,"covered":0,"skipped":0,"pct":0}}
,"/Users/nasuka/workspace/mirai-gikai-top-interview-section/web/src/features/bills/client/utils/scroll-affordance.ts": {"lines":{"total":18,"covered":0,"skipped":0,"pct":0},"functions":{"total":1,"covered":1,"skipped":0,"pct":100},"statements":{"total":18,"covered":0,"skipped":0,"pct":0},"branches":{"total":1,"covered":1,"skipped":0,"pct":100}}
,"/Users/nasuka/workspace/mirai-gikai-top-interview-section/web/src/features/bills/client/utils/share-handlers.ts": {"lines":{"total":45,"covered":0,"skipped":0,"pct":0},"functions":{"total":1,"covered":0,"skipped":0,"pct":0},"statements":{"total":45,"covered":0,"skipped":0,"pct":0},"branches":{"total":1,"covered":0,"skipped":0,"pct":0}}
,"/Users/nasuka/workspace/mirai-gikai-top-interview-section/web/src/features/bills/client/utils/share.ts": {"lines":{"total":29,"covered":0,"skipped":0,"pct":0},"functions":{"total":1,"covered":0,"skipped":0,"pct":0},"statements":{"total":29,"covered":0,"skipped":0,"pct":0},"branches":{"total":1,"covered":0,"skipped":0,"pct":0}}
,"/Users/nasuka/workspace/mirai-gikai-top-interview-section/web/src/features/bills/server/components/bill-list-section.tsx": {"lines":{"total":13,"covered":0,"skipped":0,"pct":0},"functions":{"total":1,"covered":0,"skipped":0,"pct":0},"statements":{"total":13,"covered":0,"skipped":0,"pct":0},"branches":{"total":1,"covered":0,"skipped":0,"pct":0}}
,"/Users/nasuka/workspace/mirai-gikai-top-interview-section/web/src/features/bills/server/components/bills-by-tag-section.tsx": {"lines":{"total":23,"covered":0,"skipped":0,"pct":0},"functions":{"total":1,"covered":0,"skipped":0,"pct":0},"statements":{"total":23,"covered":0,"skipped":0,"pct":0},"branches":{"total":1,"covered":0,"skipped":0,"pct":0}}
,"/Users/nasuka/workspace/mirai-gikai-top-interview-section/web/src/features/bills/server/components/bills-list-page.tsx": {"lines":{"total":237,"covered":0,"skipped":0,"pct":0},"functions":{"total":1,"covered":0,"skipped":0,"pct":0},"statements":{"total":237,"covered":0,"skipped":0,"pct":0},"branches":{"total":1,"covered":0,"skipped":0,"pct":0}}
,"/Users/nasuka/workspace/mirai-gikai-top-interview-section/web/src/features/bills/server/components/category-tabs.tsx": {"lines":{"total":56,"covered":0,"skipped":0,"pct":0},"functions":{"total":1,"covered":0,"skipped":0,"pct":0},"statements":{"total":56,"covered":0,"skipped":0,"pct":0},"branches":{"total":1,"covered":0,"skipped":0,"pct":0}}
,"/Users/nasuka/workspace/mirai-gikai-top-interview-section/web/src/features/bills/server/components/featured-bill-section.tsx": {"lines":{"total":24,"covered":0,"skipped":0,"pct":0},"functions":{"total":1,"covered":1,"skipped":0,"pct":100},"statements":{"total":24,"covered":0,"skipped":0,"pct":0},"branches":{"total":1,"covered":1,"skipped":0,"pct":100}}
,"/Users/nasuka/workspace/mirai-gikai-top-interview-section/web/src/features/bills/server/components/interview-open-bill-section.tsx": {"lines":{"total":18,"covered":0,"skipped":0,"pct":0},"functions":{"total":1,"covered":0,"skipped":0,"pct":0},"statements":{"total":18,"covered":0,"skipped":0,"pct":0},"branches":{"total":1,"covered":0,"skipped":0,"pct":0}}
,"/Users/nasuka/workspace/mirai-gikai-top-interview-section/web/src/features/bills/server/components/previous-session-section.tsx": {"lines":{"total":71,"covered":0,"skipped":0,"pct":0},"functions":{"total":1,"covered":0,"skipped":0,"pct":0},"statements":{"total":71,"covered":0,"skipped":0,"pct":0},"branches":{"total":1,"covered":0,"skipped":0,"pct":0}}
,"/Users/nasuka/workspace/mirai-gikai-top-interview-section/web/src/features/bills/server/components/bill-detail/bill-content.tsx": {"lines":{"total":13,"covered":0,"skipped":0,"pct":0},"functions":{"total":1,"covered":0,"skipped":0,"pct":0},"statements":{"total":13,"covered":0,"skipped":0,"pct":0},"branches":{"total":1,"covered":0,"skipped":0,"pct":0}}
,"/Users/nasuka/workspace/mirai-gikai-top-interview-section/web/src/features/bills/server/components/bill-detail/bill-detail-header.tsx": {"lines":{"total":109,"covered":0,"skipped":0,"pct":0},"functions":{"total":1,"covered":0,"skipped":0,"pct":0},"statements":{"total":109,"covered":0,"skipped":0,"pct":0},"branches":{"total":1,"covered":0,"skipped":0,"pct":0}}
,"/Users/nasuka/workspace/mirai-gikai-top-interview-section/web/src/features/bills/server/components/bill-detail/bill-detail-layout.tsx": {"lines":{"total":75,"covered":0,"skipped":0,"pct":0},"functions":{"total":1,"covered":0,"skipped":0,"pct":0},"statements":{"total":75,"covered":0,"skipped":0,"pct":0},"branches":{"total":1,"covered":0,"skipped":0,"pct":0}}
,"/Users/nasuka/workspace/mirai-gikai-top-interview-section/web/src/features/bills/server/components/bill-detail/difficulty-info-card.tsx": {"lines":{"total":28,"covered":0,"skipped":0,"pct":0},"functions":{"total":1,"covered":0,"skipped":0,"pct":0},"statements":{"total":28,"covered":0,"skipped":0,"pct":0},"branches":{"total":1,"covered":0,"skipped":0,"pct":0}}
,"/Users/nasuka/workspace/mirai-gikai-top-interview-section/web/src/features/bills/server/components/share/bill-share-buttons.tsx": {"lines":{"total":16,"covered":0,"skipped":0,"pct":0},"functions":{"total":1,"covered":0,"skipped":0,"pct":0},"statements":{"total":16,"covered":0,"skipped":0,"pct":0},"branches":{"total":1,"covered":0,"skipped":0,"pct":0}}
,"/Users/nasuka/workspace/mirai-gikai-top-interview-section/web/src/features/bills/server/loaders/get-bill-by-id-admin.ts": {"lines":{"total":29,"covered":28,"skipped":0,"pct":96.55},"functions":{"total":1,"covered":1,"skipped":0,"pct":100},"statements":{"total":29,"covered":28,"skipped":0,"pct":96.55},"branches":{"total":6,"covered":5,"skipped":0,"pct":83.33}}
,"/Users/nasuka/workspace/mirai-gikai-top-interview-section/web/src/features/bills/server/loaders/get-bill-by-id.ts": {"lines":{"total":42,"covered":13,"skipped":0,"pct":30.95},"functions":{"total":2,"covered":0,"skipped":0,"pct":0},"statements":{"total":42,"covered":13,"skipped":0,"pct":30.95},"branches":{"total":0,"covered":0,"skipped":0,"pct":100}}
,"/Users/nasuka/workspace/mirai-gikai-top-interview-section/web/src/features/bills/server/loaders/get-bills-by-diet-session.ts": {"lines":{"total":46,"covered":0,"skipped":0,"pct":0},"functions":{"total":1,"covered":0,"skipped":0,"pct":0},"statements":{"total":46,"covered":0,"skipped":0,"pct":0},"branches":{"total":1,"covered":0,"skipped":0,"pct":0}}
,"/Users/nasuka/workspace/mirai-gikai-top-interview-section/web/src/features/bills/server/loaders/get-bills-by-featured-tags.ts": {"lines":{"total":93,"covered":0,"skipped":0,"pct":0},"functions":{"total":1,"covered":0,"skipped":0,"pct":0},"statements":{"total":93,"covered":0,"skipped":0,"pct":0},"branches":{"total":1,"covered":0,"skipped":0,"pct":0}}
,"/Users/nasuka/workspace/mirai-gikai-top-interview-section/web/src/features/bills/server/loaders/get-bills-with-report-counts.ts": {"lines":{"total":23,"covered":0,"skipped":0,"pct":0},"functions":{"total":1,"covered":0,"skipped":0,"pct":0},"statements":{"total":23,"covered":0,"skipped":0,"pct":0},"branches":{"total":1,"covered":0,"skipped":0,"pct":0}}
,"/Users/nasuka/workspace/mirai-gikai-top-interview-section/web/src/features/bills/server/loaders/get-bills.ts": {"lines":{"total":35,"covered":0,"skipped":0,"pct":0},"functions":{"total":1,"covered":0,"skipped":0,"pct":0},"statements":{"total":35,"covered":0,"skipped":0,"pct":0},"branches":{"total":1,"covered":0,"skipped":0,"pct":0}}
,"/Users/nasuka/workspace/mirai-gikai-top-interview-section/web/src/features/bills/server/loaders/get-coming-soon-bills.ts": {"lines":{"total":41,"covered":0,"skipped":0,"pct":0},"functions":{"total":1,"covered":0,"skipped":0,"pct":0},"statements":{"total":41,"covered":0,"skipped":0,"pct":0},"branches":{"total":1,"covered":0,"skipped":0,"pct":0}}
,"/Users/nasuka/workspace/mirai-gikai-top-interview-section/web/src/features/bills/server/loaders/get-featured-bills.ts": {"lines":{"total":45,"covered":0,"skipped":0,"pct":0},"functions":{"total":1,"covered":0,"skipped":0,"pct":0},"statements":{"total":45,"covered":0,"skipped":0,"pct":0},"branches":{"total":1,"covered":0,"skipped":0,"pct":0}}
,"/Users/nasuka/workspace/mirai-gikai-top-interview-section/web/src/features/bills/server/loaders/get-featured-tags.ts": {"lines":{"total":18,"covered":0,"skipped":0,"pct":0},"functions":{"total":1,"covered":0,"skipped":0,"pct":0},"statements":{"total":18,"covered":0,"skipped":0,"pct":0},"branches":{"total":1,"covered":0,"skipped":0,"pct":0}}
,"/Users/nasuka/workspace/mirai-gikai-top-interview-section/web/src/features/bills/server/loaders/get-interview-open-bills.ts": {"lines":{"total":42,"covered":38,"skipped":0,"pct":90.47},"functions":{"total":2,"covered":2,"skipped":0,"pct":100},"statements":{"total":42,"covered":38,"skipped":0,"pct":90.47},"branches":{"total":7,"covered":5,"skipped":0,"pct":71.42}}
,"/Users/nasuka/workspace/mirai-gikai-top-interview-section/web/src/features/bills/server/loaders/get-previous-session-bills.ts": {"lines":{"total":72,"covered":0,"skipped":0,"pct":0},"functions":{"total":1,"covered":0,"skipped":0,"pct":0},"statements":{"total":72,"covered":0,"skipped":0,"pct":0},"branches":{"total":1,"covered":0,"skipped":0,"pct":0}}
,"/Users/nasuka/workspace/mirai-gikai-top-interview-section/web/src/features/bills/server/loaders/get-suggestable-bills.ts": {"lines":{"total":24,"covered":0,"skipped":0,"pct":0},"functions":{"total":1,"covered":0,"skipped":0,"pct":0},"statements":{"total":24,"covered":0,"skipped":0,"pct":0},"branches":{"total":1,"covered":0,"skipped":0,"pct":0}}
,"/Users/nasuka/workspace/mirai-gikai-top-interview-section/web/src/features/bills/server/loaders/load-home-data.ts": {"lines":{"total":27,"covered":0,"skipped":0,"pct":0},"functions":{"total":1,"covered":0,"skipped":0,"pct":0},"statements":{"total":27,"covered":0,"skipped":0,"pct":0},"branches":{"total":1,"covered":0,"skipped":0,"pct":0}}
,"/Users/nasuka/workspace/mirai-gikai-top-interview-section/web/src/features/bills/server/loaders/validate-preview-token.ts": {"lines":{"total":21,"covered":1,"skipped":0,"pct":4.76},"functions":{"total":1,"covered":0,"skipped":0,"pct":0},"statements":{"total":21,"covered":1,"skipped":0,"pct":4.76},"branches":{"total":0,"covered":0,"skipped":0,"pct":100}}
,"/Users/nasuka/workspace/mirai-gikai-top-interview-section/web/src/features/bills/server/loaders/helpers/get-bill-content.ts": {"lines":{"total":7,"covered":7,"skipped":0,"pct":100},"functions":{"total":1,"covered":1,"skipped":0,"pct":100},"statements":{"total":7,"covered":7,"skipped":0,"pct":100},"branches":{"total":1,"covered":1,"skipped":0,"pct":100}}
,"/Users/nasuka/workspace/mirai-gikai-top-interview-section/web/src/features/bills/server/loaders/helpers/get-bill-tags.ts": {"lines":{"total":7,"covered":0,"skipped":0,"pct":0},"functions":{"total":1,"covered":0,"skipped":0,"pct":0},"statements":{"total":7,"covered":0,"skipped":0,"pct":0},"branches":{"total":1,"covered":0,"skipped":0,"pct":0}}
,"/Users/nasuka/workspace/mirai-gikai-top-interview-section/web/src/features/bills/server/repositories/bill-repository.ts": {"lines":{"total":327,"covered":268,"skipped":0,"pct":81.95},"functions":{"total":18,"covered":17,"skipped":0,"pct":94.44},"statements":{"total":327,"covered":268,"skipped":0,"pct":81.95},"branches":{"total":57,"covered":35,"skipped":0,"pct":61.4}}
,"/Users/nasuka/workspace/mirai-gikai-top-interview-section/web/src/features/bills/shared/utils/bill-progress.ts": {"lines":{"total":41,"covered":0,"skipped":0,"pct":0},"functions":{"total":1,"covered":1,"skipped":0,"pct":100},"statements":{"total":41,"covered":0,"skipped":0,"pct":0},"branches":{"total":1,"covered":1,"skipped":0,"pct":100}}
,"/Users/nasuka/workspace/mirai-gikai-top-interview-section/web/src/features/bills/shared/utils/bill-share-image.ts": {"lines":{"total":9,"covered":0,"skipped":0,"pct":0},"functions":{"total":1,"covered":1,"skipped":0,"pct":100},"statements":{"total":9,"covered":0,"skipped":0,"pct":0},"branches":{"total":1,"covered":1,"skipped":0,"pct":100}}
,"/Users/nasuka/workspace/mirai-gikai-top-interview-section/web/src/features/bills/shared/utils/bill-status-group.ts": {"lines":{"total":57,"covered":0,"skipped":0,"pct":0},"functions":{"total":1,"covered":1,"skipped":0,"pct":100},"statements":{"total":57,"covered":0,"skipped":0,"pct":0},"branches":{"total":1,"covered":1,"skipped":0,"pct":100}}
,"/Users/nasuka/workspace/mirai-gikai-top-interview-section/web/src/features/bills/shared/utils/bill-status.ts": {"lines":{"total":30,"covered":0,"skipped":0,"pct":0},"functions":{"total":1,"covered":1,"skipped":0,"pct":100},"statements":{"total":30,"covered":0,"skipped":0,"pct":0},"branches":{"total":1,"covered":1,"skipped":0,"pct":100}}
,"/Users/nasuka/workspace/mirai-gikai-top-interview-section/web/src/features/bills/shared/utils/chat-bill-name.ts": {"lines":{"total":6,"covered":0,"skipped":0,"pct":0},"functions":{"total":1,"covered":1,"skipped":0,"pct":100},"statements":{"total":6,"covered":0,"skipped":0,"pct":0},"branches":{"total":1,"covered":1,"skipped":0,"pct":100}}
,"/Users/nasuka/workspace/mirai-gikai-top-interview-section/web/src/features/bills/shared/utils/filter-bills.ts": {"lines":{"total":16,"covered":0,"skipped":0,"pct":0},"functions":{"total":1,"covered":1,"skipped":0,"pct":100},"statements":{"total":16,"covered":0,"skipped":0,"pct":0},"branches":{"total":1,"covered":1,"skipped":0,"pct":100}}
,"/Users/nasuka/workspace/mirai-gikai-top-interview-section/web/src/features/bills/shared/utils/group-tags.ts": {"lines":{"total":11,"covered":11,"skipped":0,"pct":100},"functions":{"total":1,"covered":1,"skipped":0,"pct":100},"statements":{"total":11,"covered":11,"skipped":0,"pct":100},"branches":{"total":3,"covered":3,"skipped":0,"pct":100}}
,"/Users/nasuka/workspace/mirai-gikai-top-interview-section/web/src/features/bills/shared/utils/highlight-match.ts": {"lines":{"total":27,"covered":0,"skipped":0,"pct":0},"functions":{"total":1,"covered":1,"skipped":0,"pct":100},"statements":{"total":27,"covered":0,"skipped":0,"pct":0},"branches":{"total":1,"covered":1,"skipped":0,"pct":100}}
,"/Users/nasuka/workspace/mirai-gikai-top-interview-section/web/src/features/bills/shared/utils/parse-bills-list-params.ts": {"lines":{"total":47,"covered":0,"skipped":0,"pct":0},"functions":{"total":1,"covered":1,"skipped":0,"pct":100},"statements":{"total":47,"covered":0,"skipped":0,"pct":0},"branches":{"total":1,"covered":1,"skipped":0,"pct":100}}
,"/Users/nasuka/workspace/mirai-gikai-top-interview-section/web/src/features/bills/shared/utils/pick-home-sections.ts": {"lines":{"total":31,"covered":0,"skipped":0,"pct":0},"functions":{"total":1,"covered":1,"skipped":0,"pct":100},"statements":{"total":31,"covered":0,"skipped":0,"pct":0},"branches":{"total":1,"covered":1,"skipped":0,"pct":100}}
,"/Users/nasuka/workspace/mirai-gikai-top-interview-section/web/src/features/bills/shared/utils/search-bills.ts": {"lines":{"total":18,"covered":0,"skipped":0,"pct":0},"functions":{"total":1,"covered":1,"skipped":0,"pct":100},"statements":{"total":18,"covered":0,"skipped":0,"pct":0},"branches":{"total":1,"covered":1,"skipped":0,"pct":100}}
,"/Users/nasuka/workspace/mirai-gikai-top-interview-section/web/src/features/bills/shared/utils/sort-bills.ts": {"lines":{"total":54,"covered":0,"skipped":0,"pct":0},"functions":{"total":1,"covered":0,"skipped":0,"pct":0},"statements":{"total":54,"covered":0,"skipped":0,"pct":0},"branches":{"total":1,"covered":0,"skipped":0,"pct":0}}
,"/Users/nasuka/workspace/mirai-gikai-top-interview-section/web/src/features/bills/shared/utils/split-into-rows.ts": {"lines":{"total":8,"covered":0,"skipped":0,"pct":0},"functions":{"total":1,"covered":1,"skipped":0,"pct":100},"statements":{"total":8,"covered":0,"skipped":0,"pct":0},"branches":{"total":1,"covered":1,"skipped":0,"pct":100}}
,"/Users/nasuka/workspace/mirai-gikai-top-interview-section/web/src/features/bills/shared/utils/stance-styles.ts": {"lines":{"total":36,"covered":0,"skipped":0,"pct":0},"functions":{"total":1,"covered":1,"skipped":0,"pct":100},"statements":{"total":36,"covered":0,"skipped":0,"pct":0},"branches":{"total":1,"covered":1,"skipped":0,"pct":100}}
,"/Users/nasuka/workspace/mirai-gikai-top-interview-section/web/src/features/bills/shared/utils/suggest-bills.ts": {"lines":{"total":9,"covered":0,"skipped":0,"pct":0},"functions":{"total":1,"covered":1,"skipped":0,"pct":100},"statements":{"total":9,"covered":0,"skipped":0,"pct":0},"branches":{"total":1,"covered":1,"skipped":0,"pct":100}}
,"/Users/nasuka/workspace/mirai-gikai-top-interview-section/web/src/features/bills/shared/utils/tag-chip-items.ts": {"lines":{"total":30,"covered":0,"skipped":0,"pct":0},"functions":{"total":1,"covered":1,"skipped":0,"pct":100},"statements":{"total":30,"covered":0,"skipped":0,"pct":0},"branches":{"total":1,"covered":1,"skipped":0,"pct":100}}
,"/Users/nasuka/workspace/mirai-gikai-top-interview-section/web/src/features/bills/shared/utils/tag-chip-row-count.ts": {"lines":{"total":4,"covered":0,"skipped":0,"pct":0},"functions":{"total":1,"covered":1,"skipped":0,"pct":100},"statements":{"total":4,"covered":0,"skipped":0,"pct":0},"branches":{"total":1,"covered":1,"skipped":0,"pct":100}}
,"/Users/nasuka/workspace/mirai-gikai-top-interview-section/web/src/features/chat/client/components/chat-button.tsx": {"lines":{"total":138,"covered":0,"skipped":0,"pct":0},"functions":{"total":1,"covered":1,"skipped":0,"pct":100},"statements":{"total":138,"covered":0,"skipped":0,"pct":0},"branches":{"total":1,"covered":1,"skipped":0,"pct":100}}
,"/Users/nasuka/workspace/mirai-gikai-top-interview-section/web/src/features/chat/client/components/chat-window.tsx": {"lines":{"total":215,"covered":0,"skipped":0,"pct":0},"functions":{"total":1,"covered":1,"skipped":0,"pct":100},"statements":{"total":215,"covered":0,"skipped":0,"pct":0},"branches":{"total":1,"covered":1,"skipped":0,"pct":100}}
,"/Users/nasuka/workspace/mirai-gikai-top-interview-section/web/src/features/chat/client/components/home-chat-client.tsx": {"lines":{"total":14,"covered":0,"skipped":0,"pct":0},"functions":{"total":1,"covered":1,"skipped":0,"pct":100},"statements":{"total":14,"covered":0,"skipped":0,"pct":0},"branches":{"total":1,"covered":1,"skipped":0,"pct":100}}
,"/Users/nasuka/workspace/mirai-gikai-top-interview-section/web/src/features/chat/client/components/interview-suggestion-banner.tsx": {"lines":{"total":52,"covered":0,"skipped":0,"pct":0},"functions":{"total":1,"covered":1,"skipped":0,"pct":100},"statements":{"total":52,"covered":0,"skipped":0,"pct":0},"branches":{"total":1,"covered":1,"skipped":0,"pct":100}}
,"/Users/nasuka/workspace/mirai-gikai-top-interview-section/web/src/features/chat/client/components/mobile-chat-dialog.tsx": {"lines":{"total":61,"covered":0,"skipped":0,"pct":0},"functions":{"total":1,"covered":1,"skipped":0,"pct":100},"statements":{"total":61,"covered":0,"skipped":0,"pct":0},"branches":{"total":1,"covered":1,"skipped":0,"pct":100}}
,"/Users/nasuka/workspace/mirai-gikai-top-interview-section/web/src/features/chat/client/components/system-message.tsx": {"lines":{"total":50,"covered":0,"skipped":0,"pct":0},"functions":{"total":1,"covered":1,"skipped":0,"pct":100},"statements":{"total":50,"covered":0,"skipped":0,"pct":0},"branches":{"total":1,"covered":1,"skipped":0,"pct":100}}
,"/Users/nasuka/workspace/mirai-gikai-top-interview-section/web/src/features/chat/client/components/user-message.tsx": {"lines":{"total":21,"covered":0,"skipped":0,"pct":0},"functions":{"total":1,"covered":1,"skipped":0,"pct":100},"statements":{"total":21,"covered":0,"skipped":0,"pct":0},"branches":{"total":1,"covered":1,"skipped":0,"pct":100}}
,"/Users/nasuka/workspace/mirai-gikai-top-interview-section/web/src/features/chat/client/hooks/use-anonymous-supabase-user.ts": {"lines":{"total":32,"covered":0,"skipped":0,"pct":0},"functions":{"total":1,"covered":1,"skipped":0,"pct":100},"statements":{"total":32,"covered":0,"skipped":0,"pct":0},"branches":{"total":1,"covered":1,"skipped":0,"pct":100}}
,"/Users/nasuka/workspace/mirai-gikai-top-interview-section/web/src/features/chat/server/repositories/chat-usage-repository.ts": {"lines":{"total":47,"covered":35,"skipped":0,"pct":74.46},"functions":{"total":3,"covered":3,"skipped":0,"pct":100},"statements":{"total":47,"covered":35,"skipped":0,"pct":74.46},"branches":{"total":8,"covered":3,"skipped":0,"pct":37.5}}
,"/Users/nasuka/workspace/mirai-gikai-top-interview-section/web/src/features/chat/server/services/cost-tracker.ts": {"lines":{"total":57,"covered":57,"skipped":0,"pct":100},"functions":{"total":4,"covered":4,"skipped":0,"pct":100},"statements":{"total":57,"covered":57,"skipped":0,"pct":100},"branches":{"total":9,"covered":8,"skipped":0,"pct":88.88}}
,"/Users/nasuka/workspace/mirai-gikai-top-interview-section/web/src/features/chat/server/services/handle-chat-request.ts": {"lines":{"total":252,"covered":215,"skipped":0,"pct":85.31},"functions":{"total":12,"covered":11,"skipped":0,"pct":91.66},"statements":{"total":252,"covered":215,"skipped":0,"pct":85.31},"branches":{"total":78,"covered":58,"skipped":0,"pct":74.35}}
,"/Users/nasuka/workspace/mirai-gikai-top-interview-section/web/src/features/chat/server/services/system-cost-guard.ts": {"lines":{"total":27,"covered":23,"skipped":0,"pct":85.18},"functions":{"total":2,"covered":2,"skipped":0,"pct":100},"statements":{"total":27,"covered":23,"skipped":0,"pct":85.18},"branches":{"total":4,"covered":2,"skipped":0,"pct":50}}
,"/Users/nasuka/workspace/mirai-gikai-top-interview-section/web/src/features/chat/server/utils/chat-error-response.ts": {"lines":{"total":28,"covered":0,"skipped":0,"pct":0},"functions":{"total":1,"covered":0,"skipped":0,"pct":0},"statements":{"total":28,"covered":0,"skipped":0,"pct":0},"branches":{"total":1,"covered":0,"skipped":0,"pct":0}}
,"/Users/nasuka/workspace/mirai-gikai-top-interview-section/web/src/features/chat/server/utils/supabase-server.ts": {"lines":{"total":24,"covered":23,"skipped":0,"pct":95.83},"functions":{"total":4,"covered":3,"skipped":0,"pct":75},"statements":{"total":24,"covered":23,"skipped":0,"pct":95.83},"branches":{"total":3,"covered":3,"skipped":0,"pct":100}}
,"/Users/nasuka/workspace/mirai-gikai-top-interview-section/web/src/features/chat/shared/constants.ts": {"lines":{"total":3,"covered":3,"skipped":0,"pct":100},"functions":{"total":0,"covered":0,"skipped":0,"pct":100},"statements":{"total":3,"covered":3,"skipped":0,"pct":100},"branches":{"total":0,"covered":0,"skipped":0,"pct":100}}
,"/Users/nasuka/workspace/mirai-gikai-top-interview-section/web/src/features/chat/shared/types/errors.ts": {"lines":{"total":16,"covered":16,"skipped":0,"pct":100},"functions":{"total":1,"covered":1,"skipped":0,"pct":100},"statements":{"total":16,"covered":16,"skipped":0,"pct":100},"branches":{"total":1,"covered":1,"skipped":0,"pct":100}}
,"/Users/nasuka/workspace/mirai-gikai-top-interview-section/web/src/features/chat/shared/utils/cost-utils.ts": {"lines":{"total":22,"covered":20,"skipped":0,"pct":90.9},"functions":{"total":2,"covered":2,"skipped":0,"pct":100},"statements":{"total":22,"covered":20,"skipped":0,"pct":90.9},"branches":{"total":11,"covered":9,"skipped":0,"pct":81.81}}
,"/Users/nasuka/workspace/mirai-gikai-top-interview-section/web/src/features/chat/shared/utils/jst-day-range.ts": {"lines":{"total":38,"covered":38,"skipped":0,"pct":100},"functions":{"total":2,"covered":2,"skipped":0,"pct":100},"statements":{"total":38,"covered":38,"skipped":0,"pct":100},"branches":{"total":2,"covered":2,"skipped":0,"pct":100}}
,"/Users/nasuka/workspace/mirai-gikai-top-interview-section/web/src/features/chat/shared/utils/pick-chat-knowledge-source.ts": {"lines":{"total":6,"covered":6,"skipped":0,"pct":100},"functions":{"total":1,"covered":1,"skipped":0,"pct":100},"statements":{"total":6,"covered":6,"skipped":0,"pct":100},"branches":{"total":5,"covered":4,"skipped":0,"pct":80}}
,"/Users/nasuka/workspace/mirai-gikai-top-interview-section/web/src/features/diet-sessions/client/components/bill-list-with-status-filter.tsx": {"lines":{"total":67,"covered":0,"skipped":0,"pct":0},"functions":{"total":1,"covered":1,"skipped":0,"pct":100},"statements":{"total":67,"covered":0,"skipped":0,"pct":0},"branches":{"total":1,"covered":1,"skipped":0,"pct":100}}
,"/Users/nasuka/workspace/mirai-gikai-top-interview-section/web/src/features/diet-sessions/client/components/current-diet-session.tsx": {"lines":{"total":87,"covered":0,"skipped":0,"pct":0},"functions":{"total":1,"covered":0,"skipped":0,"pct":0},"statements":{"total":87,"covered":0,"skipped":0,"pct":0},"branches":{"total":1,"covered":0,"skipped":0,"pct":0}}
,"/Users/nasuka/workspace/mirai-gikai-top-interview-section/web/src/features/diet-sessions/client/components/diet-session-bill-list.tsx": {"lines":{"total":49,"covered":0,"skipped":0,"pct":0},"functions":{"total":1,"covered":0,"skipped":0,"pct":0},"statements":{"total":49,"covered":0,"skipped":0,"pct":0},"branches":{"total":1,"covered":0,"skipped":0,"pct":0}}
,"/Users/nasuka/workspace/mirai-gikai-top-interview-section/web/src/features/diet-sessions/server/loaders/get-active-diet-session.ts": {"lines":{"total":16,"covered":16,"skipped":0,"pct":100},"functions":{"total":2,"covered":2,"skipped":0,"pct":100},"statements":{"total":16,"covered":16,"skipped":0,"pct":100},"branches":{"total":2,"covered":2,"skipped":0,"pct":100}}
,"/Users/nasuka/workspace/mirai-gikai-top-interview-section/web/src/features/diet-sessions/server/loaders/get-current-diet-session.ts": {"lines":{"total":22,"covered":22,"skipped":0,"pct":100},"functions":{"total":2,"covered":2,"skipped":0,"pct":100},"statements":{"total":22,"covered":22,"skipped":0,"pct":100},"branches":{"total":2,"covered":2,"skipped":0,"pct":100}}
,"/Users/nasuka/workspace/mirai-gikai-top-interview-section/web/src/features/diet-sessions/server/loaders/get-diet-session-by-slug.ts": {"lines":{"total":18,"covered":18,"skipped":0,"pct":100},"functions":{"total":2,"covered":2,"skipped":0,"pct":100},"statements":{"total":18,"covered":18,"skipped":0,"pct":100},"branches":{"total":2,"covered":2,"skipped":0,"pct":100}}
,"/Users/nasuka/workspace/mirai-gikai-top-interview-section/web/src/features/diet-sessions/server/loaders/get-latest-closed-diet-session.ts": {"lines":{"total":18,"covered":0,"skipped":0,"pct":0},"functions":{"total":1,"covered":0,"skipped":0,"pct":0},"statements":{"total":18,"covered":0,"skipped":0,"pct":0},"branches":{"total":1,"covered":0,"skipped":0,"pct":0}}
,"/Users/nasuka/workspace/mirai-gikai-top-interview-section/web/src/features/diet-sessions/server/loaders/get-previous-diet-session.ts": {"lines":{"total":21,"covered":19,"skipped":0,"pct":90.47},"functions":{"total":2,"covered":2,"skipped":0,"pct":100},"statements":{"total":21,"covered":19,"skipped":0,"pct":90.47},"branches":{"total":3,"covered":2,"skipped":0,"pct":66.66}}
,"/Users/nasuka/workspace/mirai-gikai-top-interview-section/web/src/features/diet-sessions/server/repositories/diet-session-repository.ts": {"lines":{"total":82,"covered":67,"skipped":0,"pct":81.7},"functions":{"total":5,"covered":5,"skipped":0,"pct":100},"statements":{"total":82,"covered":67,"skipped":0,"pct":81.7},"branches":{"total":10,"covered":5,"skipped":0,"pct":50}}
,"/Users/nasuka/workspace/mirai-gikai-top-interview-section/web/src/features/diet-sessions/shared/utils/session-progress.ts": {"lines":{"total":32,"covered":0,"skipped":0,"pct":0},"functions":{"total":1,"covered":1,"skipped":0,"pct":100},"statements":{"total":32,"covered":0,"skipped":0,"pct":0},"branches":{"total":1,"covered":1,"skipped":0,"pct":100}}
,"/Users/nasuka/workspace/mirai-gikai-top-interview-section/web/src/features/interview-config/client/components/interview-action-buttons.tsx": {"lines":{"total":69,"covered":0,"skipped":0,"pct":0},"functions":{"total":1,"covered":1,"skipped":0,"pct":100},"statements":{"total":69,"covered":0,"skipped":0,"pct":0},"branches":{"total":1,"covered":1,"skipped":0,"pct":100}}
,"/Users/nasuka/workspace/mirai-gikai-top-interview-section/web/src/features/interview-config/client/components/interview-consent-modal.tsx": {"lines":{"total":97,"covered":0,"skipped":0,"pct":0},"functions":{"total":1,"covered":1,"skipped":0,"pct":100},"statements":{"total":97,"covered":0,"skipped":0,"pct":0},"branches":{"total":1,"covered":1,"skipped":0,"pct":100}}
,"/Users/nasuka/workspace/mirai-gikai-top-interview-section/web/src/features/interview-config/client/components/interview-landing-section.tsx": {"lines":{"total":82,"covered":0,"skipped":0,"pct":0},"functions":{"total":1,"covered":0,"skipped":0,"pct":0},"statements":{"total":82,"covered":0,"skipped":0,"pct":0},"branches":{"total":1,"covered":0,"skipped":0,"pct":0}}
,"/Users/nasuka/workspace/mirai-gikai-top-interview-section/web/src/features/interview-config/client/components/interview-lp-page.tsx": {"lines":{"total":273,"covered":0,"skipped":0,"pct":0},"functions":{"total":1,"covered":0,"skipped":0,"pct":0},"statements":{"total":273,"covered":0,"skipped":0,"pct":0},"branches":{"total":1,"covered":0,"skipped":0,"pct":0}}
,"/Users/nasuka/workspace/mirai-gikai-top-interview-section/web/src/features/interview-config/server/components/interview-disclosure-page.tsx": {"lines":{"total":133,"covered":0,"skipped":0,"pct":0},"functions":{"total":1,"covered":0,"skipped":0,"pct":0},"statements":{"total":133,"covered":0,"skipped":0,"pct":0},"branches":{"total":1,"covered":0,"skipped":0,"pct":0}}
,"/Users/nasuka/workspace/mirai-gikai-top-interview-section/web/src/features/interview-config/server/loaders/get-interview-config-admin.ts": {"lines":{"total":36,"covered":29,"skipped":0,"pct":80.55},"functions":{"total":2,"covered":2,"skipped":0,"pct":100},"statements":{"total":36,"covered":29,"skipped":0,"pct":80.55},"branches":{"total":8,"covered":6,"skipped":0,"pct":75}}
,"/Users/nasuka/workspace/mirai-gikai-top-interview-section/web/src/features/interview-config/server/loaders/get-interview-config.ts": {"lines":{"total":26,"covered":11,"skipped":0,"pct":42.3},"functions":{"total":2,"covered":0,"skipped":0,"pct":0},"statements":{"total":26,"covered":11,"skipped":0,"pct":42.3},"branches":{"total":0,"covered":0,"skipped":0,"pct":100}}
,"/Users/nasuka/workspace/mirai-gikai-top-interview-section/web/src/features/interview-config/server/loaders/get-interview-questions.ts": {"lines":{"total":12,"covered":9,"skipped":0,"pct":75},"functions":{"total":1,"covered":1,"skipped":0,"pct":100},"statements":{"total":12,"covered":9,"skipped":0,"pct":75},"branches":{"total":3,"covered":1,"skipped":0,"pct":33.33}}
,"/Users/nasuka/workspace/mirai-gikai-top-interview-section/web/src/features/interview-config/server/loaders/load-disclosure-data.ts": {"lines":{"total":30,"covered":0,"skipped":0,"pct":0},"functions":{"total":1,"covered":0,"skipped":0,"pct":0},"statements":{"total":30,"covered":0,"skipped":0,"pct":0},"branches":{"total":1,"covered":0,"skipped":0,"pct":0}}
,"/Users/nasuka/workspace/mirai-gikai-top-interview-section/web/src/features/interview-config/server/repositories/interview-config-repository.ts": {"lines":{"total":39,"covered":37,"skipped":0,"pct":94.87},"functions":{"total":3,"covered":3,"skipped":0,"pct":100},"statements":{"total":39,"covered":37,"skipped":0,"pct":94.87},"branches":{"total":4,"covered":3,"skipped":0,"pct":75}}
,"/Users/nasuka/workspace/mirai-gikai-top-interview-section/web/src/features/interview-config/shared/components/disclosure-breadcrumb.tsx": {"lines":{"total":18,"covered":0,"skipped":0,"pct":0},"functions":{"total":1,"covered":0,"skipped":0,"pct":0},"statements":{"total":18,"covered":0,"skipped":0,"pct":0},"branches":{"total":1,"covered":0,"skipped":0,"pct":0}}
,"/Users/nasuka/workspace/mirai-gikai-top-interview-section/web/src/features/interview-config/shared/utils/format-estimated-duration.ts": {"lines":{"total":8,"covered":0,"skipped":0,"pct":0},"functions":{"total":1,"covered":1,"skipped":0,"pct":100},"statements":{"total":8,"covered":0,"skipped":0,"pct":0},"branches":{"total":1,"covered":1,"skipped":0,"pct":100}}
,"/Users/nasuka/workspace/mirai-gikai-top-interview-section/web/src/features/interview-config/shared/utils/interview-links.ts": {"lines":{"total":81,"covered":0,"skipped":0,"pct":0},"functions":{"total":1,"covered":0,"skipped":0,"pct":0},"statements":{"total":81,"covered":0,"skipped":0,"pct":0},"branches":{"total":1,"covered":0,"skipped":0,"pct":0}}
,"/Users/nasuka/workspace/mirai-gikai-top-interview-section/web/src/features/interview-report/client/components/consent-check-list-item.tsx": {"lines":{"total":27,"covered":0,"skipped":0,"pct":0},"functions":{"total":1,"covered":1,"skipped":0,"pct":100},"statements":{"total":27,"covered":0,"skipped":0,"pct":0},"branches":{"total":1,"covered":1,"skipped":0,"pct":100}}
,"/Users/nasuka/workspace/mirai-gikai-top-interview-section/web/src/features/interview-report/client/components/expert-registration-banner.tsx": {"lines":{"total":22,"covered":0,"skipped":0,"pct":0},"functions":{"total":1,"covered":1,"skipped":0,"pct":100},"statements":{"total":22,"covered":0,"skipped":0,"pct":0},"branches":{"total":1,"covered":1,"skipped":0,"pct":100}}
,"/Users/nasuka/workspace/mirai-gikai-top-interview-section/web/src/features/interview-report/client/components/expert-registration-modal.tsx": {"lines":{"total":188,"covered":0,"skipped":0,"pct":0},"functions":{"total":1,"covered":1,"skipped":0,"pct":100},"statements":{"total":188,"covered":0,"skipped":0,"pct":0},"branches":{"total":1,"covered":1,"skipped":0,"pct":100}}
,"/Users/nasuka/workspace/mirai-gikai-top-interview-section/web/src/features/interview-report/client/components/expert-registration-section.tsx": {"lines":{"total":19,"covered":0,"skipped":0,"pct":0},"functions":{"total":1,"covered":1,"skipped":0,"pct":100},"statements":{"total":19,"covered":0,"skipped":0,"pct":0},"branches":{"total":1,"covered":1,"skipped":0,"pct":100}}
,"/Users/nasuka/workspace/mirai-gikai-top-interview-section/web/src/features/interview-report/client/components/interview-public-consent-modal.tsx": {"lines":{"total":53,"covered":0,"skipped":0,"pct":0},"functions":{"total":1,"covered":1,"skipped":0,"pct":100},"statements":{"total":53,"covered":0,"skipped":0,"pct":0},"branches":{"total":1,"covered":1,"skipped":0,"pct":100}}
,"/Users/nasuka/workspace/mirai-gikai-top-interview-section/web/src/features/interview-report/client/components/make-private-modal.tsx": {"lines":{"total":58,"covered":0,"skipped":0,"pct":0},"functions":{"total":1,"covered":1,"skipped":0,"pct":100},"statements":{"total":58,"covered":0,"skipped":0,"pct":0},"branches":{"total":1,"covered":1,"skipped":0,"pct":100}}
,"/Users/nasuka/workspace/mirai-gikai-top-interview-section/web/src/features/interview-report/client/components/make-public-modal.tsx": {"lines":{"total":47,"covered":0,"skipped":0,"pct":0},"functions":{"total":1,"covered":1,"skipped":0,"pct":100},"statements":{"total":47,"covered":0,"skipped":0,"pct":0},"branches":{"total":1,"covered":1,"skipped":0,"pct":100}}
,"/Users/nasuka/workspace/mirai-gikai-top-interview-section/web/src/features/interview-report/client/components/past-reports-section.tsx": {"lines":{"total":24,"covered":0,"skipped":0,"pct":0},"functions":{"total":1,"covered":0,"skipped":0,"pct":0},"statements":{"total":24,"covered":0,"skipped":0,"pct":0},"branches":{"total":1,"covered":0,"skipped":0,"pct":0}}
,"/Users/nasuka/workspace/mirai-gikai-top-interview-section/web/src/features/interview-report/client/components/public-opinions-list.tsx": {"lines":{"total":190,"covered":0,"skipped":0,"pct":0},"functions":{"total":1,"covered":1,"skipped":0,"pct":100},"statements":{"total":190,"covered":0,"skipped":0,"pct":0},"branches":{"total":1,"covered":1,"skipped":0,"pct":100}}
,"/Users/nasuka/workspace/mirai-gikai-top-interview-section/web/src/features/interview-report/client/components/public-status-section.tsx": {"lines":{"total":59,"covered":0,"skipped":0,"pct":0},"functions":{"total":1,"covered":1,"skipped":0,"pct":100},"statements":{"total":59,"covered":0,"skipped":0,"pct":0},"branches":{"total":1,"covered":1,"skipped":0,"pct":100}}
,"/Users/nasuka/workspace/mirai-gikai-top-interview-section/web/src/features/interview-report/client/components/share-article-button.tsx": {"lines":{"total":29,"covered":0,"skipped":0,"pct":0},"functions":{"total":1,"covered":1,"skipped":0,"pct":100},"statements":{"total":29,"covered":0,"skipped":0,"pct":0},"branches":{"total":1,"covered":1,"skipped":0,"pct":100}}
,"/Users/nasuka/workspace/mirai-gikai-top-interview-section/web/src/features/interview-report/client/hooks/use-infinite-scroll.ts": {"lines":{"total":90,"covered":0,"skipped":0,"pct":0},"functions":{"total":1,"covered":0,"skipped":0,"pct":0},"statements":{"total":90,"covered":0,"skipped":0,"pct":0},"branches":{"total":1,"covered":0,"skipped":0,"pct":0}}
,"/Users/nasuka/workspace/mirai-gikai-top-interview-section/web/src/features/interview-report/server/actions/fetch-more-public-reports.ts": {"lines":{"total":36,"covered":0,"skipped":0,"pct":0},"functions":{"total":1,"covered":1,"skipped":0,"pct":100},"statements":{"total":36,"covered":0,"skipped":0,"pct":0},"branches":{"total":1,"covered":1,"skipped":0,"pct":100}}
,"/Users/nasuka/workspace/mirai-gikai-top-interview-section/web/src/features/interview-report/server/actions/register-expert.ts": {"lines":{"total":43,"covered":0,"skipped":0,"pct":0},"functions":{"total":1,"covered":1,"skipped":0,"pct":100},"statements":{"total":43,"covered":0,"skipped":0,"pct":0},"branches":{"total":1,"covered":1,"skipped":0,"pct":100}}
,"/Users/nasuka/workspace/mirai-gikai-top-interview-section/web/src/features/interview-report/server/actions/update-public-setting.ts": {"lines":{"total":19,"covered":12,"skipped":0,"pct":63.15},"functions":{"total":1,"covered":1,"skipped":0,"pct":100},"statements":{"total":19,"covered":12,"skipped":0,"pct":63.15},"branches":{"total":2,"covered":1,"skipped":0,"pct":50}}
,"/Users/nasuka/workspace/mirai-gikai-top-interview-section/web/src/features/interview-report/server/components/bill-interview-opinions-section.tsx": {"lines":{"total":59,"covered":0,"skipped":0,"pct":0},"functions":{"total":1,"covered":0,"skipped":0,"pct":0},"statements":{"total":59,"covered":0,"skipped":0,"pct":0},"branches":{"total":1,"covered":0,"skipped":0,"pct":0}}
,"/Users/nasuka/workspace/mirai-gikai-top-interview-section/web/src/features/interview-report/server/components/public-opinions-page.tsx": {"lines":{"total":79,"covered":0,"skipped":0,"pct":0},"functions":{"total":1,"covered":0,"skipped":0,"pct":0},"statements":{"total":79,"covered":0,"skipped":0,"pct":0},"branches":{"total":1,"covered":0,"skipped":0,"pct":0}}
,"/Users/nasuka/workspace/mirai-gikai-top-interview-section/web/src/features/interview-report/server/components/public-report-page.tsx": {"lines":{"total":85,"covered":0,"skipped":0,"pct":0},"functions":{"total":1,"covered":0,"skipped":0,"pct":0},"statements":{"total":85,"covered":0,"skipped":0,"pct":0},"branches":{"total":1,"covered":0,"skipped":0,"pct":0}}
,"/Users/nasuka/workspace/mirai-gikai-top-interview-section/web/src/features/interview-report/server/components/report-complete-page.tsx": {"lines":{"total":91,"covered":0,"skipped":0,"pct":0},"functions":{"total":1,"covered":0,"skipped":0,"pct":0},"statements":{"total":91,"covered":0,"skipped":0,"pct":0},"branches":{"total":1,"covered":0,"skipped":0,"pct":0}}
,"/Users/nasuka/workspace/mirai-gikai-top-interview-section/web/src/features/interview-report/server/loaders/get-all-public-reports-by-bill-id.ts": {"lines":{"total":40,"covered":40,"skipped":0,"pct":100},"functions":{"total":2,"covered":2,"skipped":0,"pct":100},"statements":{"total":40,"covered":40,"skipped":0,"pct":100},"branches":{"total":5,"covered":4,"skipped":0,"pct":80}}
,"/Users/nasuka/workspace/mirai-gikai-top-interview-section/web/src/features/interview-report/server/loaders/get-expert-registration-status.ts": {"lines":{"total":8,"covered":0,"skipped":0,"pct":0},"functions":{"total":1,"covered":0,"skipped":0,"pct":0},"statements":{"total":8,"covered":0,"skipped":0,"pct":0},"branches":{"total":1,"covered":0,"skipped":0,"pct":0}}
,"/Users/nasuka/workspace/mirai-gikai-top-interview-section/web/src/features/interview-report/server/loaders/get-interview-report-by-id.ts": {"lines":{"total":45,"covered":0,"skipped":0,"pct":0},"functions":{"total":1,"covered":0,"skipped":0,"pct":0},"statements":{"total":45,"covered":0,"skipped":0,"pct":0},"branches":{"total":1,"covered":0,"skipped":0,"pct":0}}
,"/Users/nasuka/workspace/mirai-gikai-top-interview-section/web/src/features/interview-report/server/loaders/get-interview-report.ts": {"lines":{"total":21,"covered":0,"skipped":0,"pct":0},"functions":{"total":1,"covered":0,"skipped":0,"pct":0},"statements":{"total":21,"covered":0,"skipped":0,"pct":0},"branches":{"total":1,"covered":0,"skipped":0,"pct":0}}
,"/Users/nasuka/workspace/mirai-gikai-top-interview-section/web/src/features/interview-report/server/loaders/get-public-report-by-id.ts": {"lines":{"total":47,"covered":40,"skipped":0,"pct":85.1},"functions":{"total":0,"covered":0,"skipped":0,"pct":100},"statements":{"total":47,"covered":40,"skipped":0,"pct":85.1},"branches":{"total":8,"covered":5,"skipped":0,"pct":62.5}}
,"/Users/nasuka/workspace/mirai-gikai-top-interview-section/web/src/features/interview-report/server/loaders/get-public-reports-by-bill-id.ts": {"lines":{"total":11,"covered":11,"skipped":0,"pct":100},"functions":{"total":1,"covered":1,"skipped":0,"pct":100},"statements":{"total":11,"covered":11,"skipped":0,"pct":100},"branches":{"total":1,"covered":1,"skipped":0,"pct":100}}
,"/Users/nasuka/workspace/mirai-gikai-top-interview-section/web/src/features/interview-report/server/loaders/get-report-og-data.ts": {"lines":{"total":41,"covered":33,"skipped":0,"pct":80.48},"functions":{"total":1,"covered":1,"skipped":0,"pct":100},"statements":{"total":41,"covered":33,"skipped":0,"pct":80.48},"branches":{"total":7,"covered":2,"skipped":0,"pct":28.57}}
,"/Users/nasuka/workspace/mirai-gikai-top-interview-section/web/src/features/interview-report/server/loaders/get-report-with-messages.ts": {"lines":{"total":64,"covered":50,"skipped":0,"pct":78.12},"functions":{"total":1,"covered":1,"skipped":0,"pct":100},"statements":{"total":64,"covered":50,"skipped":0,"pct":78.12},"branches":{"total":9,"covered":1,"skipped":0,"pct":11.11}}
,"/Users/nasuka/workspace/mirai-gikai-top-interview-section/web/src/features/interview-report/server/loaders/get-user-reports-by-interview-config.ts": {"lines":{"total":30,"covered":0,"skipped":0,"pct":0},"functions":{"total":1,"covered":0,"skipped":0,"pct":0},"statements":{"total":30,"covered":0,"skipped":0,"pct":0},"branches":{"total":1,"covered":0,"skipped":0,"pct":0}}
,"/Users/nasuka/workspace/mirai-gikai-top-interview-section/web/src/features/interview-report/server/loaders/public-report-loader.integration-test-utils.ts": {"lines":{"total":136,"covered":108,"skipped":0,"pct":79.41},"functions":{"total":4,"covered":4,"skipped":0,"pct":100},"statements":{"total":136,"covered":108,"skipped":0,"pct":79.41},"branches":{"total":25,"covered":17,"skipped":0,"pct":68}}
,"/Users/nasuka/workspace/mirai-gikai-top-interview-section/web/src/features/interview-report/server/repositories/expert-registration-repository.ts": {"lines":{"total":46,"covered":0,"skipped":0,"pct":0},"functions":{"total":1,"covered":0,"skipped":0,"pct":0},"statements":{"total":46,"covered":0,"skipped":0,"pct":0},"branches":{"total":1,"covered":0,"skipped":0,"pct":0}}
,"/Users/nasuka/workspace/mirai-gikai-top-interview-section/web/src/features/interview-report/server/repositories/interview-report-repository.ts": {"lines":{"total":176,"covered":125,"skipped":0,"pct":71.02},"functions":{"total":9,"covered":7,"skipped":0,"pct":77.77},"statements":{"total":176,"covered":125,"skipped":0,"pct":71.02},"branches":{"total":21,"covered":13,"skipped":0,"pct":61.9}}
,"/Users/nasuka/workspace/mirai-gikai-top-interview-section/web/src/features/interview-report/shared/constants.ts": {"lines":{"total":46,"covered":0,"skipped":0,"pct":0},"functions":{"total":1,"covered":1,"skipped":0,"pct":100},"statements":{"total":46,"covered":0,"skipped":0,"pct":0},"branches":{"total":1,"covered":1,"skipped":0,"pct":100}}
,"/Users/nasuka/workspace/mirai-gikai-top-interview-section/web/src/features/interview-report/shared/components/back-to-bill-button.tsx": {"lines":{"total":18,"covered":0,"skipped":0,"pct":0},"functions":{"total":1,"covered":0,"skipped":0,"pct":0},"statements":{"total":18,"covered":0,"skipped":0,"pct":0},"branches":{"total":1,"covered":0,"skipped":0,"pct":0}}
,"/Users/nasuka/workspace/mirai-gikai-top-interview-section/web/src/features/interview-report/shared/components/back-to-report-button.tsx": {"lines":{"total":11,"covered":0,"skipped":0,"pct":0},"functions":{"total":1,"covered":0,"skipped":0,"pct":0},"statements":{"total":11,"covered":0,"skipped":0,"pct":0},"branches":{"total":1,"covered":0,"skipped":0,"pct":0}}
,"/Users/nasuka/workspace/mirai-gikai-top-interview-section/web/src/features/interview-report/shared/components/chat-log-section.tsx": {"lines":{"total":68,"covered":0,"skipped":0,"pct":0},"functions":{"total":1,"covered":0,"skipped":0,"pct":0},"statements":{"total":68,"covered":0,"skipped":0,"pct":0},"branches":{"total":1,"covered":0,"skipped":0,"pct":0}}
,"/Users/nasuka/workspace/mirai-gikai-top-interview-section/web/src/features/interview-report/shared/components/interviewee-info.tsx": {"lines":{"total":23,"covered":0,"skipped":0,"pct":0},"functions":{"total":1,"covered":0,"skipped":0,"pct":0},"statements":{"total":23,"covered":0,"skipped":0,"pct":0},"branches":{"total":1,"covered":0,"skipped":0,"pct":0}}
,"/Users/nasuka/workspace/mirai-gikai-top-interview-section/web/src/features/interview-report/shared/components/opinions-breadcrumb.tsx": {"lines":{"total":11,"covered":0,"skipped":0,"pct":0},"functions":{"total":1,"covered":0,"skipped":0,"pct":0},"statements":{"total":11,"covered":0,"skipped":0,"pct":0},"branches":{"total":1,"covered":0,"skipped":0,"pct":0}}
,"/Users/nasuka/workspace/mirai-gikai-top-interview-section/web/src/features/interview-report/shared/components/opinions-list.tsx": {"lines":{"total":48,"covered":0,"skipped":0,"pct":0},"functions":{"total":1,"covered":1,"skipped":0,"pct":100},"statements":{"total":48,"covered":0,"skipped":0,"pct":0},"branches":{"total":1,"covered":1,"skipped":0,"pct":100}}
,"/Users/nasuka/workspace/mirai-gikai-top-interview-section/web/src/features/interview-report/shared/components/report-breadcrumb.tsx": {"lines":{"total":19,"covered":0,"skipped":0,"pct":0},"functions":{"total":1,"covered":0,"skipped":0,"pct":0},"statements":{"total":19,"covered":0,"skipped":0,"pct":0},"branches":{"total":1,"covered":0,"skipped":0,"pct":0}}
,"/Users/nasuka/workspace/mirai-gikai-top-interview-section/web/src/features/interview-report/shared/components/report-card.tsx": {"lines":{"total":80,"covered":0,"skipped":0,"pct":0},"functions":{"total":1,"covered":1,"skipped":0,"pct":100},"statements":{"total":80,"covered":0,"skipped":0,"pct":0},"branches":{"total":1,"covered":1,"skipped":0,"pct":100}}
,"/Users/nasuka/workspace/mirai-gikai-top-interview-section/web/src/features/interview-report/shared/components/report-content.tsx": {"lines":{"total":69,"covered":0,"skipped":0,"pct":0},"functions":{"total":1,"covered":1,"skipped":0,"pct":100},"statements":{"total":69,"covered":0,"skipped":0,"pct":0},"branches":{"total":1,"covered":1,"skipped":0,"pct":100}}
,"/Users/nasuka/workspace/mirai-gikai-top-interview-section/web/src/features/interview-report/shared/components/report-interviewee-card.tsx": {"lines":{"total":98,"covered":0,"skipped":0,"pct":0},"functions":{"total":1,"covered":0,"skipped":0,"pct":0},"statements":{"total":98,"covered":0,"skipped":0,"pct":0},"branches":{"total":1,"covered":0,"skipped":0,"pct":0}}
[...]
,"/Users/nasuka/workspace/mirai-gikai-top-interview-section/web/src/features/user-topic-analysis/shared/components/opinion-card.tsx": {"lines":{"total":106,"covered":0,"skipped":0,"pct":0},"functions":{"total":1,"covered":0,"skipped":0,"pct":0},"statements":{"total":106,"covered":0,"skipped":0,"pct":0},"branches":{"total":1,"covered":0,"skipped":0,"pct":0}}
,"/Users/nasuka/workspace/mirai-gikai-top-interview-section/web/src/features/user-topic-analysis/shared/components/person-avatar.tsx": {"lines":{"total":31,"covered":0,"skipped":0,"pct":0},"functions":{"total":1,"covered":0,"skipped":0,"pct":0},"statements":{"total":31,"covered":0,"skipped":0,"pct":0},"branches":{"total":1,"covered":0,"skipped":0,"pct":0}}
,"/Users/nasuka/workspace/mirai-gikai-top-interview-section/web/src/features/user-topic-analysis/shared/components/respondent-card.tsx": {"lines":{"total":59,"covered":0,"skipped":0,"pct":0},"functions":{"total":1,"covered":0,"skipped":0,"pct":0},"statements":{"total":59,"covered":0,"skipped":0,"pct":0},"branches":{"total":1,"covered":0,"skipped":0,"pct":0}}
,"/Users/nasuka/workspace/mirai-gikai-top-interview-section/web/src/features/user-topic-analysis/shared/components/topic-card.tsx": {"lines":{"total":100,"covered":0,"skipped":0,"pct":0},"functions":{"total":1,"covered":0,"skipped":0,"pct":0},"statements":{"total":100,"covered":0,"skipped":0,"pct":0},"branches":{"total":1,"covered":0,"skipped":0,"pct":0}}
,"/Users/nasuka/workspace/mirai-gikai-top-interview-section/web/src/features/user-topic-analysis/shared/components/topic-meta.tsx": {"lines":{"total":78,"covered":0,"skipped":0,"pct":0},"functions":{"total":1,"covered":0,"skipped":0,"pct":0},"statements":{"total":78,"covered":0,"skipped":0,"pct":0},"branches":{"total":1,"covered":0,"skipped":0,"pct":0}}
,"/Users/nasuka/workspace/mirai-gikai-top-interview-section/web/src/features/user-topic-analysis/shared/components/users-three-icon.tsx": {"lines":{"total":14,"covered":0,"skipped":0,"pct":0},"functions":{"total":1,"covered":1,"skipped":0,"pct":100},"statements":{"total":14,"covered":0,"skipped":0,"pct":0},"branches":{"total":1,"covered":1,"skipped":0,"pct":100}}
,"/Users/nasuka/workspace/mirai-gikai-top-interview-section/web/src/features/user-topic-analysis/shared/utils/count-respondents.ts": {"lines":{"total":9,"covered":0,"skipped":0,"pct":0},"functions":{"total":1,"covered":1,"skipped":0,"pct":100},"statements":{"total":9,"covered":0,"skipped":0,"pct":0},"branches":{"total":1,"covered":1,"skipped":0,"pct":100}}
,"/Users/nasuka/workspace/mirai-gikai-top-interview-section/web/src/features/user-topic-analysis/shared/utils/filter-topics.ts": {"lines":{"total":87,"covered":0,"skipped":0,"pct":0},"functions":{"total":1,"covered":1,"skipped":0,"pct":100},"statements":{"total":87,"covered":0,"skipped":0,"pct":0},"branches":{"total":1,"covered":1,"skipped":0,"pct":100}}
,"/Users/nasuka/workspace/mirai-gikai-top-interview-section/web/src/features/user-topic-analysis/shared/utils/format-opinion-date.ts": {"lines":{"total":19,"covered":0,"skipped":0,"pct":0},"functions":{"total":1,"covered":0,"skipped":0,"pct":0},"statements":{"total":19,"covered":0,"skipped":0,"pct":0},"branches":{"total":1,"covered":0,"skipped":0,"pct":0}}
,"/Users/nasuka/workspace/mirai-gikai-top-interview-section/web/src/features/user-topic-analysis/shared/utils/locate-topic.ts": {"lines":{"total":14,"covered":0,"skipped":0,"pct":0},"functions":{"total":1,"covered":1,"skipped":0,"pct":100},"statements":{"total":14,"covered":0,"skipped":0,"pct":0},"branches":{"total":1,"covered":1,"skipped":0,"pct":100}}
,"/Users/nasuka/workspace/mirai-gikai-top-interview-section/web/src/features/user-topic-analysis/shared/utils/split-summary-lines.ts": {"lines":{"total":6,"covered":0,"skipped":0,"pct":0},"functions":{"total":1,"covered":1,"skipped":0,"pct":100},"statements":{"total":6,"covered":0,"skipped":0,"pct":0},"branches":{"total":1,"covered":1,"skipped":0,"pct":100}}
,"/Users/nasuka/workspace/mirai-gikai-top-interview-section/web/src/features/user-topic-analysis/shared/utils/topic-category.ts": {"lines":{"total":18,"covered":0,"skipped":0,"pct":0},"functions":{"total":1,"covered":0,"skipped":0,"pct":0},"statements":{"total":18,"covered":0,"skipped":0,"pct":0},"branches":{"total":1,"covered":0,"skipped":0,"pct":0}}
,"/Users/nasuka/workspace/mirai-gikai-top-interview-section/web/src/hooks/use-is-desktop.ts": {"lines":{"total":20,"covered":0,"skipped":0,"pct":0},"functions":{"total":1,"covered":0,"skipped":0,"pct":0},"statements":{"total":20,"covered":0,"skipped":0,"pct":0},"branches":{"total":1,"covered":0,"skipped":0,"pct":0}}
,"/Users/nasuka/workspace/mirai-gikai-top-interview-section/web/src/hooks/use-media-query.ts": {"lines":{"total":16,"covered":0,"skipped":0,"pct":0},"functions":{"total":1,"covered":0,"skipped":0,"pct":0},"statements":{"total":16,"covered":0,"skipped":0,"pct":0},"branches":{"total":1,"covered":0,"skipped":0,"pct":0}}
,"/Users/nasuka/workspace/mirai-gikai-top-interview-section/web/src/hooks/use-state-with-ref.ts": {"lines":{"total":14,"covered":0,"skipped":0,"pct":0},"functions":{"total":1,"covered":0,"skipped":0,"pct":0},"statements":{"total":14,"covered":0,"skipped":0,"pct":0},"branches":{"total":1,"covered":0,"skipped":0,"pct":0}}
,"/Users/nasuka/workspace/mirai-gikai-top-interview-section/web/src/hooks/use-viewport-height.ts": {"lines":{"total":23,"covered":0,"skipped":0,"pct":0},"functions":{"total":1,"covered":0,"skipped":0,"pct":0},"statements":{"total":23,"covered":0,"skipped":0,"pct":0},"branches":{"total":1,"covered":0,"skipped":0,"pct":0}}
,"/Users/nasuka/workspace/mirai-gikai-top-interview-section/web/src/lib/basic-auth.ts": {"lines":{"total":50,"covered":0,"skipped":0,"pct":0},"functions":{"total":1,"covered":1,"skipped":0,"pct":100},"statements":{"total":50,"covered":0,"skipped":0,"pct":0},"branches":{"total":1,"covered":1,"skipped":0,"pct":100}}
,"/Users/nasuka/workspace/mirai-gikai-top-interview-section/web/src/lib/cache-tags.ts": {"lines":{"total":7,"covered":7,"skipped":0,"pct":100},"functions":{"total":0,"covered":0,"skipped":0,"pct":100},"statements":{"total":7,"covered":7,"skipped":0,"pct":100},"branches":{"total":0,"covered":0,"skipped":0,"pct":100}}
,"/Users/nasuka/workspace/mirai-gikai-top-interview-section/web/src/lib/env.ts": {"lines":{"total":61,"covered":43,"skipped":0,"pct":70.49},"functions":{"total":0,"covered":0,"skipped":0,"pct":100},"statements":{"total":61,"covered":43,"skipped":0,"pct":70.49},"branches":{"total":8,"covered":0,"skipped":0,"pct":0}}
,"/Users/nasuka/workspace/mirai-gikai-top-interview-section/web/src/lib/logger.ts": {"lines":{"total":8,"covered":8,"skipped":0,"pct":100},"functions":{"total":1,"covered":1,"skipped":0,"pct":100},"statements":{"total":8,"covered":8,"skipped":0,"pct":100},"branches":{"total":1,"covered":1,"skipped":0,"pct":100}}
,"/Users/nasuka/workspace/mirai-gikai-top-interview-section/web/src/lib/page-layout-utils.ts": {"lines":{"total":16,"covered":0,"skipped":0,"pct":0},"functions":{"total":1,"covered":1,"skipped":0,"pct":100},"statements":{"total":16,"covered":0,"skipped":0,"pct":0},"branches":{"total":1,"covered":1,"skipped":0,"pct":100}}
,"/Users/nasuka/workspace/mirai-gikai-top-interview-section/web/src/lib/routes.ts": {"lines":{"total":33,"covered":24,"skipped":0,"pct":72.72},"functions":{"total":22,"covered":1,"skipped":0,"pct":4.54},"statements":{"total":33,"covered":24,"skipped":0,"pct":72.72},"branches":{"total":1,"covered":1,"skipped":0,"pct":100}}
,"/Users/nasuka/workspace/mirai-gikai-top-interview-section/web/src/lib/social-links.ts": {"lines":{"total":55,"covered":0,"skipped":0,"pct":0},"functions":{"total":1,"covered":1,"skipped":0,"pct":100},"statements":{"total":55,"covered":0,"skipped":0,"pct":0},"branches":{"total":1,"covered":1,"skipped":0,"pct":100}}
,"/Users/nasuka/workspace/mirai-gikai-top-interview-section/web/src/lib/utils.ts": {"lines":{"total":5,"covered":0,"skipped":0,"pct":0},"functions":{"total":1,"covered":0,"skipped":0,"pct":0},"statements":{"total":5,"covered":0,"skipped":0,"pct":0},"branches":{"total":1,"covered":0,"skipped":0,"pct":0}}
,"/Users/nasuka/workspace/mirai-gikai-top-interview-section/web/src/lib/ai/calculate-ai-cost.ts": {"lines":{"total":151,"covered":136,"skipped":0,"pct":90.06},"functions":{"total":4,"covered":4,"skipped":0,"pct":100},"statements":{"total":151,"covered":136,"skipped":0,"pct":90.06},"branches":{"total":12,"covered":7,"skipped":0,"pct":58.33}}
,"/Users/nasuka/workspace/mirai-gikai-top-interview-section/web/src/lib/ai/models.ts": {"lines":{"total":1,"covered":1,"skipped":0,"pct":100},"functions":{"total":0,"covered":0,"skipped":0,"pct":100},"statements":{"total":1,"covered":1,"skipped":0,"pct":100},"branches":{"total":0,"covered":0,"skipped":0,"pct":100}}
,"/Users/nasuka/workspace/mirai-gikai-top-interview-section/web/src/lib/analytics/preference-state-events.ts": {"lines":{"total":7,"covered":0,"skipped":0,"pct":0},"functions":{"total":1,"covered":1,"skipped":0,"pct":100},"statements":{"total":7,"covered":0,"skipped":0,"pct":0},"branches":{"total":1,"covered":1,"skipped":0,"pct":100}}
,"/Users/nasuka/workspace/mirai-gikai-top-interview-section/web/src/lib/analytics/use-on-page-view.ts": {"lines":{"total":8,"covered":0,"skipped":0,"pct":0},"functions":{"total":1,"covered":1,"skipped":0,"pct":100},"statements":{"total":8,"covered":0,"skipped":0,"pct":0},"branches":{"total":1,"covered":1,"skipped":0,"pct":100}}
,"/Users/nasuka/workspace/mirai-gikai-top-interview-section/web/src/lib/api/response.ts": {"lines":{"total":26,"covered":16,"skipped":0,"pct":61.53},"functions":{"total":3,"covered":1,"skipped":0,"pct":33.33},"statements":{"total":26,"covered":16,"skipped":0,"pct":61.53},"branches":{"total":1,"covered":1,"skipped":0,"pct":100}}
,"/Users/nasuka/workspace/mirai-gikai-top-interview-section/web/src/lib/markdown/index.ts": {"lines":{"total":59,"covered":0,"skipped":0,"pct":0},"functions":{"total":1,"covered":0,"skipped":0,"pct":0},"statements":{"total":59,"covered":0,"skipped":0,"pct":0},"branches":{"total":1,"covered":0,"skipped":0,"pct":0}}
,"/Users/nasuka/workspace/mirai-gikai-top-interview-section/web/src/lib/markdown/rehype-embed-youtube.ts": {"lines":{"total":51,"covered":0,"skipped":0,"pct":0},"functions":{"total":1,"covered":1,"skipped":0,"pct":100},"statements":{"total":51,"covered":0,"skipped":0,"pct":0},"branches":{"total":1,"covered":1,"skipped":0,"pct":100}}
,"/Users/nasuka/workspace/mirai-gikai-top-interview-section/web/src/lib/markdown/rehype-external-links.ts": {"lines":{"total":14,"covered":0,"skipped":0,"pct":0},"functions":{"total":1,"covered":1,"skipped":0,"pct":100},"statements":{"total":14,"covered":0,"skipped":0,"pct":0},"branches":{"total":1,"covered":1,"skipped":0,"pct":100}}
,"/Users/nasuka/workspace/mirai-gikai-top-interview-section/web/src/lib/markdown/rehype-inject-element.ts": {"lines":{"total":50,"covered":0,"skipped":0,"pct":0},"functions":{"total":1,"covered":1,"skipped":0,"pct":100},"statements":{"total":50,"covered":0,"skipped":0,"pct":0},"branches":{"total":1,"covered":1,"skipped":0,"pct":100}}
,"/Users/nasuka/workspace/mirai-gikai-top-interview-section/web/src/lib/markdown/rehype-open-links-in-new-tab.ts": {"lines":{"total":11,"covered":0,"skipped":0,"pct":0},"functions":{"total":1,"covered":1,"skipped":0,"pct":100},"statements":{"total":11,"covered":0,"skipped":0,"pct":0},"branches":{"total":1,"covered":1,"skipped":0,"pct":100}}
,"/Users/nasuka/workspace/mirai-gikai-top-interview-section/web/src/lib/markdown/rehype-wrap-sections.ts": {"lines":{"total":28,"covered":0,"skipped":0,"pct":0},"functions":{"total":1,"covered":1,"skipped":0,"pct":100},"statements":{"total":28,"covered":0,"skipped":0,"pct":0},"branches":{"total":1,"covered":1,"skipped":0,"pct":100}}
,"/Users/nasuka/workspace/mirai-gikai-top-interview-section/web/src/lib/prompt/index.ts": {"lines":{"total":16,"covered":6,"skipped":0,"pct":37.5},"functions":{"total":1,"covered":0,"skipped":0,"pct":0},"statements":{"total":16,"covered":6,"skipped":0,"pct":37.5},"branches":{"total":0,"covered":0,"skipped":0,"pct":100}}
,"/Users/nasuka/workspace/mirai-gikai-top-interview-section/web/src/lib/prompt/composite/composite-prompt-provider.ts": {"lines":{"total":20,"covered":5,"skipped":0,"pct":25},"functions":{"total":2,"covered":0,"skipped":0,"pct":0},"statements":{"total":20,"covered":5,"skipped":0,"pct":25},"branches":{"total":0,"covered":0,"skipped":0,"pct":100}}
,"/Users/nasuka/workspace/mirai-gikai-top-interview-section/web/src/lib/prompt/interface/prompt-provider.ts": {"lines":{"total":0,"covered":0,"skipped":0,"pct":100},"functions":{"total":1,"covered":1,"skipped":0,"pct":100},"statements":{"total":0,"covered":0,"skipped":0,"pct":100},"branches":{"total":1,"covered":1,"skipped":0,"pct":100}}
,"/Users/nasuka/workspace/mirai-gikai-top-interview-section/web/src/lib/prompt/langfuse/client.ts": {"lines":{"total":20,"covered":4,"skipped":0,"pct":20},"functions":{"total":1,"covered":0,"skipped":0,"pct":0},"statements":{"total":20,"covered":4,"skipped":0,"pct":20},"branches":{"total":0,"covered":0,"skipped":0,"pct":100}}
,"/Users/nasuka/workspace/mirai-gikai-top-interview-section/web/src/lib/prompt/langfuse/langfuse-prompt-provider.ts": {"lines":{"total":31,"covered":8,"skipped":0,"pct":25.8},"functions":{"total":3,"covered":0,"skipped":0,"pct":0},"statements":{"total":31,"covered":8,"skipped":0,"pct":25.8},"branches":{"total":0,"covered":0,"skipped":0,"pct":100}}
,"/Users/nasuka/workspace/mirai-gikai-top-interview-section/web/src/lib/prompt/shared/compile-prompt.ts": {"lines":{"total":8,"covered":1,"skipped":0,"pct":12.5},"functions":{"total":1,"covered":0,"skipped":0,"pct":0},"statements":{"total":8,"covered":1,"skipped":0,"pct":12.5},"branches":{"total":0,"covered":0,"skipped":0,"pct":100}}
,"/Users/nasuka/workspace/mirai-gikai-top-interview-section/web/src/lib/prompt/source-code/source-code-prompt-provider.ts": {"lines":{"total":67,"covered":21,"skipped":0,"pct":31.34},"functions":{"total":5,"covered":0,"skipped":0,"pct":0},"statements":{"total":67,"covered":21,"skipped":0,"pct":31.34},"branches":{"total":0,"covered":0,"skipped":0,"pct":100}}
,"/Users/nasuka/workspace/mirai-gikai-top-interview-section/web/src/lib/prompt/source-code/templates/bill-chat-system-hard.ts": {"lines":{"total":21,"covered":3,"skipped":0,"pct":14.28},"functions":{"total":1,"covered":0,"skipped":0,"pct":0},"statements":{"total":21,"covered":3,"skipped":0,"pct":14.28},"branches":{"total":0,"covered":0,"skipped":0,"pct":100}}
,"/Users/nasuka/workspace/mirai-gikai-top-interview-section/web/src/lib/prompt/source-code/templates/bill-chat-system-normal.ts": {"lines":{"total":21,"covered":3,"skipped":0,"pct":14.28},"functions":{"total":1,"covered":0,"skipped":0,"pct":0},"statements":{"total":21,"covered":3,"skipped":0,"pct":14.28},"branches":{"total":0,"covered":0,"skipped":0,"pct":100}}
,"/Users/nasuka/workspace/mirai-gikai-top-interview-section/web/src/lib/prompt/source-code/templates/knowledge-source-section.ts": {"lines":{"total":6,"covered":1,"skipped":0,"pct":16.66},"functions":{"total":1,"covered":0,"skipped":0,"pct":0},"statements":{"total":6,"covered":1,"skipped":0,"pct":16.66},"branches":{"total":0,"covered":0,"skipped":0,"pct":100}}
,"/Users/nasuka/workspace/mirai-gikai-top-interview-section/web/src/lib/prompt/source-code/templates/shared-sections.ts": {"lines":{"total":5,"covered":5,"skipped":0,"pct":100},"functions":{"total":0,"covered":0,"skipped":0,"pct":100},"statements":{"total":5,"covered":5,"skipped":0,"pct":100},"branches":{"total":0,"covered":0,"skipped":0,"pct":100}}
,"/Users/nasuka/workspace/mirai-gikai-top-interview-section/web/src/lib/prompt/source-code/templates/top-chat-system.ts": {"lines":{"total":10,"covered":2,"skipped":0,"pct":20},"functions":{"total":1,"covered":0,"skipped":0,"pct":0},"statements":{"total":10,"covered":2,"skipped":0,"pct":20},"branches":{"total":0,"covered":0,"skipped":0,"pct":100}}
,"/Users/nasuka/workspace/mirai-gikai-top-interview-section/web/src/lib/rubyful/index.ts": {"lines":{"total":42,"covered":0,"skipped":0,"pct":0},"functions":{"total":1,"covered":1,"skipped":0,"pct":100},"statements":{"total":42,"covered":0,"skipped":0,"pct":0},"branches":{"total":1,"covered":1,"skipped":0,"pct":100}}
,"/Users/nasuka/workspace/mirai-gikai-top-interview-section/web/src/lib/rubyful/initializer.tsx": {"lines":{"total":30,"covered":0,"skipped":0,"pct":0},"functions":{"total":1,"covered":1,"skipped":0,"pct":100},"statements":{"total":30,"covered":0,"skipped":0,"pct":0},"branches":{"total":1,"covered":1,"skipped":0,"pct":100}}
,"/Users/nasuka/workspace/mirai-gikai-top-interview-section/web/src/lib/rubyful/manual-ruby.tsx": {"lines":{"total":16,"covered":0,"skipped":0,"pct":0},"functions":{"total":1,"covered":1,"skipped":0,"pct":100},"statements":{"total":16,"covered":0,"skipped":0,"pct":0},"branches":{"total":1,"covered":1,"skipped":0,"pct":100}}
,"/Users/nasuka/workspace/mirai-gikai-top-interview-section/web/src/lib/rubyful/ruby-toggle.tsx": {"lines":{"total":16,"covered":0,"skipped":0,"pct":0},"functions":{"total":1,"covered":1,"skipped":0,"pct":100},"statements":{"total":16,"covered":0,"skipped":0,"pct":0},"branches":{"total":1,"covered":1,"skipped":0,"pct":100}}
,"/Users/nasuka/workspace/mirai-gikai-top-interview-section/web/src/lib/rubyful/storage.ts": {"lines":{"total":10,"covered":0,"skipped":0,"pct":0},"functions":{"total":1,"covered":1,"skipped":0,"pct":100},"statements":{"total":10,"covered":0,"skipped":0,"pct":0},"branches":{"total":1,"covered":1,"skipped":0,"pct":100}}
,"/Users/nasuka/workspace/mirai-gikai-top-interview-section/web/src/lib/rubyful/use-ruby-toggle.ts": {"lines":{"total":21,"covered":0,"skipped":0,"pct":0},"functions":{"total":1,"covered":0,"skipped":0,"pct":0},"statements":{"total":21,"covered":0,"skipped":0,"pct":0},"branches":{"total":1,"covered":0,"skipped":0,"pct":0}}
,"/Users/nasuka/workspace/mirai-gikai-top-interview-section/web/src/lib/stream/inject-json-fields.ts": {"lines":{"total":1,"covered":0,"skipped":0,"pct":0},"functions":{"total":1,"covered":0,"skipped":0,"pct":0},"statements":{"total":1,"covered":0,"skipped":0,"pct":0},"branches":{"total":1,"covered":0,"skipped":0,"pct":0}}
,"/Users/nasuka/workspace/mirai-gikai-top-interview-section/web/src/lib/supabase/middleware.ts": {"lines":{"total":37,"covered":0,"skipped":0,"pct":0},"functions":{"total":1,"covered":1,"skipped":0,"pct":100},"statements":{"total":37,"covered":0,"skipped":0,"pct":0},"branches":{"total":1,"covered":1,"skipped":0,"pct":100}}
,"/Users/nasuka/workspace/mirai-gikai-top-interview-section/web/src/lib/utils/date.ts": {"lines":{"total":24,"covered":0,"skipped":0,"pct":0},"functions":{"total":1,"covered":0,"skipped":0,"pct":0},"statements":{"total":24,"covered":0,"skipped":0,"pct":0},"branches":{"total":1,"covered":0,"skipped":0,"pct":0}}
,"/Users/nasuka/workspace/mirai-gikai-top-interview-section/web/src/lib/utils/url.ts": {"lines":{"total":13,"covered":0,"skipped":0,"pct":0},"functions":{"total":1,"covered":0,"skipped":0,"pct":0},"statements":{"total":13,"covered":0,"skipped":0,"pct":0},"branches":{"total":1,"covered":0,"skipped":0,"pct":0}}
,"/Users/nasuka/workspace/mirai-gikai-top-interview-section/web/src/test-utils/mock-language-model.ts": {"lines":{"total":50,"covered":50,"skipped":0,"pct":100},"functions":{"total":2,"covered":2,"skipped":0,"pct":100},"statements":{"total":50,"covered":50,"skipped":0,"pct":100},"branches":{"total":3,"covered":3,"skipped":0,"pct":100}}
,"/Users/nasuka/workspace/mirai-gikai-top-interview-section/web/src/test-utils/mock-prompt-provider.ts": {"lines":{"total":17,"covered":17,"skipped":0,"pct":100},"functions":{"total":3,"covered":3,"skipped":0,"pct":100},"statements":{"total":17,"covered":17,"skipped":0,"pct":100},"branches":{"total":3,"covered":3,"skipped":0,"pct":100}}
}
